{"total": {"lines":{"total":1524,"covered":1453,"skipped":0,"pct":95.34},"statements":{"total":1708,"covered":1570,"skipped":0,"pct":91.92},"functions":{"total":600,"covered":527,"skipped":0,"pct":87.83},"branches":{"total":695,"covered":574,"skipped":0,"pct":82.58},"branchesTrue":{"total":0,"covered":0,"skipped":0,"pct":100}}
,"/home/michael/Proj/campops-marketplace/templates/shop-frontend/src/app/routes/guards.tsx": {"lines":{"total":19,"covered":19,"skipped":0,"pct":100},"functions":{"total":5,"covered":5,"skipped":0,"pct":100},"statements":{"total":25,"covered":25,"skipped":0,"pct":100},"branches":{"total":25,"covered":25,"skipped":0,"pct":100}}
,"/home/michael/Proj/campops-marketplace/templates/shop-frontend/src/app/routes/guest.tsx": {"lines":{"total":18,"covered":18,"skipped":0,"pct":100},"functions":{"total":17,"covered":4,"skipped":0,"pct":23.52},"statements":{"total":34,"covered":21,"skipped":0,"pct":61.76},"branches":{"total":0,"covered":0,"skipped":0,"pct":100}}
,"/home/michael/Proj/campops-marketplace/templates/shop-frontend/src/app/routes/manager.tsx": {"lines":{"total":14,"covered":14,"skipped":0,"pct":100},"functions":{"total":13,"covered":5,"skipped":0,"pct":38.46},"statements":{"total":25,"covered":17,"skipped":0,"pct":68},"branches":{"total":0,"covered":0,"skipped":0,"pct":100}}
,"/home/michael/Proj/campops-marketplace/templates/shop-frontend/src/app/routes/master.tsx": {"lines":{"total":11,"covered":11,"skipped":0,"pct":100},"functions":{"total":11,"covered":7,"skipped":0,"pct":63.63},"statements":{"total":21,"covered":17,"skipped":0,"pct":80.95},"branches":{"total":0,"covered":0,"skipped":0,"pct":100}}
,"/home/michael/Proj/campops-marketplace/templates/shop-frontend/src/app/routes/public.tsx": {"lines":{"total":18,"covered":18,"skipped":0,"pct":100},"functions":{"total":18,"covered":8,"skipped":0,"pct":44.44},"statements":{"total":35,"covered":25,"skipped":0,"pct":71.42},"branches":{"total":0,"covered":0,"skipped":0,"pct":100}}
,"/home/michael/Proj/campops-marketplace/templates/shop-frontend/src/components/ConfirmDialog.tsx": {"lines":{"total":4,"covered":4,"skipped":0,"pct":100},"functions":{"total":3,"covered":3,"skipped":0,"pct":100},"statements":{"total":4,"covered":4,"skipped":0,"pct":100},"branches":{"total":3,"covered":3,"skipped":0,"pct":100}}
,"/home/michael/Proj/campops-marketplace/templates/shop-frontend/src/components/ConflictResolutionModal.tsx": {"lines":{"total":1,"covered":1,"skipped":0,"pct":100},"functions":{"total":1,"covered":1,"skipped":0,"pct":100},"statements":{"total":1,"covered":1,"skipped":0,"pct":100},"branches":{"total":0,"covered":0,"skipped":0,"pct":100}}
,"/home/michael/Proj/campops-marketplace/templates/shop-frontend/src/components/FeatureGate.tsx": {"lines":{"total":2,"covered":2,"skipped":0,"pct":100},"functions":{"total":1,"covered":1,"skipped":0,"pct":100},"statements":{"total":2,"covered":2,"skipped":0,"pct":100},"branches":{"total":3,"covered":3,"skipped":0,"pct":100}}
,"/home/michael/Proj/campops-marketplace/templates/shop-frontend/src/components/OfflineBanner.tsx": {"lines":{"total":50,"covered":49,"skipped":0,"pct":98},"functions":{"total":20,"covered":20,"skipped":0,"pct":100},"statements":{"total":57,"covered":55,"skipped":0,"pct":96.49},"branches":{"total":42,"covered":39,"skipped":0,"pct":92.85}}
,"/home/michael/Proj/campops-marketplace/templates/shop-frontend/src/components/PluginSlot.tsx": {"lines":{"total":56,"covered":55,"skipped":0,"pct":98.21},"functions":{"total":21,"covered":20,"skipped":0,"pct":95.23},"statements":{"total":61,"covered":59,"skipped":0,"pct":96.72},"branches":{"total":26,"covered":24,"skipped":0,"pct":92.3}}
,"/home/michael/Proj/campops-marketplace/templates/shop-frontend/src/components/plugin/PluginCrudPage.tsx": {"lines":{"total":59,"covered":52,"skipped":0,"pct":88.13},"functions":{"total":41,"covered":33,"skipped":0,"pct":80.48},"statements":{"total":80,"covered":71,"skipped":0,"pct":88.75},"branches":{"total":72,"covered":61,"skipped":0,"pct":84.72}}
,"/home/michael/Proj/campops-marketplace/templates/shop-frontend/src/components/ui/Badge.tsx": {"lines":{"total":2,"covered":2,"skipped":0,"pct":100},"functions":{"total":1,"covered":1,"skipped":0,"pct":100},"statements":{"total":2,"covered":2,"skipped":0,"pct":100},"branches":{"total":0,"covered":0,"skipped":0,"pct":100}}
,"/home/michael/Proj/campops-marketplace/templates/shop-frontend/src/components/ui/Button.tsx": {"lines":{"total":5,"covered":5,"skipped":0,"pct":100},"functions":{"total":1,"covered":1,"skipped":0,"pct":100},"statements":{"total":5,"covered":5,"skipped":0,"pct":100},"branches":{"total":3,"covered":2,"skipped":0,"pct":66.66}}
,"/home/michael/Proj/campops-marketplace/templates/shop-frontend/src/components/ui/Card.tsx": {"lines":{"total":18,"covered":18,"skipped":0,"pct":100},"functions":{"total":6,"covered":6,"skipped":0,"pct":100},"statements":{"total":18,"covered":18,"skipped":0,"pct":100},"branches":{"total":0,"covered":0,"skipped":0,"pct":100}}
,"/home/michael/Proj/campops-marketplace/templates/shop-frontend/src/components/ui/Input.tsx": {"lines":{"total":3,"covered":3,"skipped":0,"pct":100},"functions":{"total":1,"covered":1,"skipped":0,"pct":100},"statements":{"total":3,"covered":3,"skipped":0,"pct":100},"branches":{"total":0,"covered":0,"skipped":0,"pct":100}}
,"/home/michael/Proj/campops-marketplace/templates/shop-frontend/src/components/ui/Skeleton.tsx": {"lines":{"total":1,"covered":1,"skipped":0,"pct":100},"functions":{"total":1,"covered":1,"skipped":0,"pct":100},"statements":{"total":1,"covered":1,"skipped":0,"pct":100},"branches":{"total":0,"covered":0,"skipped":0,"pct":100}}
,"/home/michael/Proj/campops-marketplace/templates/shop-frontend/src/components/ui/dialog.tsx": {"lines":{"total":22,"covered":22,"skipped":0,"pct":100},"functions":{"total":6,"covered":6,"skipped":0,"pct":100},"statements":{"total":22,"covered":22,"skipped":0,"pct":100},"branches":{"total":0,"covered":0,"skipped":0,"pct":100}}
,"/home/michael/Proj/campops-marketplace/templates/shop-frontend/src/components/ui/table.tsx": {"lines":{"total":24,"covered":22,"skipped":0,"pct":91.66},"functions":{"total":8,"covered":6,"skipped":0,"pct":75},"statements":{"total":24,"covered":22,"skipped":0,"pct":91.66},"branches":{"total":0,"covered":0,"skipped":0,"pct":100}}
,"/home/michael/Proj/campops-marketplace/templates/shop-frontend/src/contexts/AuthContext.tsx": {"lines":{"total":113,"covered":107,"skipped":0,"pct":94.69},"functions":{"total":23,"covered":22,"skipped":0,"pct":95.65},"statements":{"total":121,"covered":110,"skipped":0,"pct":90.9},"branches":{"total":59,"covered":43,"skipped":0,"pct":72.88}}
,"/home/michael/Proj/campops-marketplace/templates/shop-frontend/src/hooks/use-toast.ts": {"lines":{"total":51,"covered":50,"skipped":0,"pct":98.03},"functions":{"total":18,"covered":17,"skipped":0,"pct":94.44},"statements":{"total":53,"covered":51,"skipped":0,"pct":96.22},"branches":{"total":20,"covered":15,"skipped":0,"pct":75}}
,"/home/michael/Proj/campops-marketplace/templates/shop-frontend/src/hooks/useNotifications.ts": {"lines":{"total":59,"covered":58,"skipped":0,"pct":98.3},"functions":{"total":15,"covered":14,"skipped":0,"pct":93.33},"statements":{"total":61,"covered":59,"skipped":0,"pct":96.72},"branches":{"total":35,"covered":33,"skipped":0,"pct":94.28}}
,"/home/michael/Proj/campops-marketplace/templates/shop-frontend/src/hooks/usePWA.ts": {"lines":{"total":90,"covered":84,"skipped":0,"pct":93.33},"functions":{"total":29,"covered":27,"skipped":0,"pct":93.1},"statements":{"total":102,"covered":93,"skipped":0,"pct":91.17},"branches":{"total":43,"covered":35,"skipped":0,"pct":81.39}}
,"/home/michael/Proj/campops-marketplace/templates/shop-frontend/src/hooks/usePageSync.ts": {"lines":{"total":62,"covered":57,"skipped":0,"pct":91.93},"functions":{"total":13,"covered":12,"skipped":0,"pct":92.3},"statements":{"total":64,"covered":59,"skipped":0,"pct":92.18},"branches":{"total":27,"covered":20,"skipped":0,"pct":74.07}}
,"/home/michael/Proj/campops-marketplace/templates/shop-frontend/src/hooks/usePlugins.ts": {"lines":{"total":72,"covered":72,"skipped":0,"pct":100},"functions":{"total":8,"covered":8,"skipped":0,"pct":100},"statements":{"total":75,"covered":73,"skipped":0,"pct":97.33},"branches":{"total":36,"covered":30,"skipped":0,"pct":83.33}}
,"/home/michael/Proj/campops-marketplace/templates/shop-frontend/src/hooks/useSocket.ts": {"lines":{"total":12,"covered":12,"skipped":0,"pct":100},"functions":{"total":7,"covered":7,"skipped":0,"pct":100},"statements":{"total":12,"covered":12,"skipped":0,"pct":100},"branches":{"total":0,"covered":0,"skipped":0,"pct":100}}
,"/home/michael/Proj/campops-marketplace/templates/shop-frontend/src/hooks/useTenant.ts": {"lines":{"total":35,"covered":35,"skipped":0,"pct":100},"functions":{"total":3,"covered":3,"skipped":0,"pct":100},"statements":{"total":35,"covered":35,"skipped":0,"pct":100},"branches":{"total":28,"covered":23,"skipped":0,"pct":82.14}}
,"/home/michael/Proj/campops-marketplace/templates/shop-frontend/src/hooks/queries/useActivities.ts": {"lines":{"total":22,"covered":22,"skipped":0,"pct":100},"functions":{"total":8,"covered":8,"skipped":0,"pct":100},"statements":{"total":25,"covered":25,"skipped":0,"pct":100},"branches":{"total":14,"covered":14,"skipped":0,"pct":100}}
,"/home/michael/Proj/campops-marketplace/templates/shop-frontend/src/hooks/queries/useAdminRooms.ts": {"lines":{"total":55,"covered":55,"skipped":0,"pct":100},"functions":{"total":31,"covered":31,"skipped":0,"pct":100},"statements":{"total":60,"covered":59,"skipped":0,"pct":98.33},"branches":{"total":12,"covered":11,"skipped":0,"pct":91.66}}
,"/home/michael/Proj/campops-marketplace/templates/shop-frontend/src/hooks/queries/useBilling.ts": {"lines":{"total":30,"covered":30,"skipped":0,"pct":100},"functions":{"total":16,"covered":16,"skipped":0,"pct":100},"statements":{"total":30,"covered":30,"skipped":0,"pct":100},"branches":{"total":0,"covered":0,"skipped":0,"pct":100}}
,"/home/michael/Proj/campops-marketplace/templates/shop-frontend/src/hooks/queries/useDashboard.ts": {"lines":{"total":6,"covered":6,"skipped":0,"pct":100},"functions":{"total":6,"covered":6,"skipped":0,"pct":100},"statements":{"total":6,"covered":6,"skipped":0,"pct":100},"branches":{"total":2,"covered":2,"skipped":0,"pct":100}}
,"/home/michael/Proj/campops-marketplace/templates/shop-frontend/src/hooks/queries/useGuests.ts": {"lines":{"total":26,"covered":26,"skipped":0,"pct":100},"functions":{"total":14,"covered":14,"skipped":0,"pct":100},"statements":{"total":26,"covered":26,"skipped":0,"pct":100},"branches":{"total":4,"covered":2,"skipped":0,"pct":50}}
,"/home/michael/Proj/campops-marketplace/templates/shop-frontend/src/hooks/queries/useOrders.ts": {"lines":{"total":39,"covered":39,"skipped":0,"pct":100},"functions":{"total":16,"covered":16,"skipped":0,"pct":100},"statements":{"total":44,"covered":42,"skipped":0,"pct":95.45},"branches":{"total":16,"covered":9,"skipped":0,"pct":56.25}}
,"/home/michael/Proj/campops-marketplace/templates/shop-frontend/src/hooks/queries/usePages.ts": {"lines":{"total":36,"covered":24,"skipped":0,"pct":66.66},"functions":{"total":18,"covered":12,"skipped":0,"pct":66.66},"statements":{"total":39,"covered":26,"skipped":0,"pct":66.66},"branches":{"total":14,"covered":10,"skipped":0,"pct":71.42}}
,"/home/michael/Proj/campops-marketplace/templates/shop-frontend/src/hooks/queries/usePublic.ts": {"lines":{"total":6,"covered":6,"skipped":0,"pct":100},"functions":{"total":4,"covered":4,"skipped":0,"pct":100},"statements":{"total":6,"covered":6,"skipped":0,"pct":100},"branches":{"total":0,"covered":0,"skipped":0,"pct":100}}
,"/home/michael/Proj/campops-marketplace/templates/shop-frontend/src/hooks/queries/useTransport.ts": {"lines":{"total":70,"covered":48,"skipped":0,"pct":68.57},"functions":{"total":36,"covered":24,"skipped":0,"pct":66.66},"statements":{"total":75,"covered":53,"skipped":0,"pct":70.66},"branches":{"total":14,"covered":14,"skipped":0,"pct":100}}
,"/home/michael/Proj/campops-marketplace/templates/shop-frontend/src/lib/ComponentRegistry.ts": {"lines":{"total":7,"covered":7,"skipped":0,"pct":100},"functions":{"total":3,"covered":3,"skipped":0,"pct":100},"statements":{"total":7,"covered":7,"skipped":0,"pct":100},"branches":{"total":2,"covered":2,"skipped":0,"pct":100}}
,"/home/michael/Proj/campops-marketplace/templates/shop-frontend/src/lib/api.ts": {"lines":{"total":49,"covered":49,"skipped":0,"pct":100},"functions":{"total":10,"covered":10,"skipped":0,"pct":100},"statements":{"total":51,"covered":50,"skipped":0,"pct":98.03},"branches":{"total":38,"covered":31,"skipped":0,"pct":81.57}}
,"/home/michael/Proj/campops-marketplace/templates/shop-frontend/src/lib/featureFlags.ts": {"lines":{"total":5,"covered":5,"skipped":0,"pct":100},"functions":{"total":4,"covered":4,"skipped":0,"pct":100},"statements":{"total":6,"covered":6,"skipped":0,"pct":100},"branches":{"total":2,"covered":2,"skipped":0,"pct":100}}
,"/home/michael/Proj/campops-marketplace/templates/shop-frontend/src/lib/offlineQueue.ts": {"lines":{"total":94,"covered":89,"skipped":0,"pct":94.68},"functions":{"total":15,"covered":14,"skipped":0,"pct":93.33},"statements":{"total":97,"covered":92,"skipped":0,"pct":94.84},"branches":{"total":30,"covered":27,"skipped":0,"pct":90}}
,"/home/michael/Proj/campops-marketplace/templates/shop-frontend/src/lib/pluginRegistry.tsx": {"lines":{"total":35,"covered":34,"skipped":0,"pct":97.14},"functions":{"total":10,"covered":9,"skipped":0,"pct":90},"statements":{"total":35,"covered":34,"skipped":0,"pct":97.14},"branches":{"total":12,"covered":12,"skipped":0,"pct":100}}
,"/home/michael/Proj/campops-marketplace/templates/shop-frontend/src/lib/queryClient.ts": {"lines":{"total":28,"covered":28,"skipped":0,"pct":100},"functions":{"total":21,"covered":21,"skipped":0,"pct":100},"statements":{"total":29,"covered":29,"skipped":0,"pct":100},"branches":{"total":8,"covered":6,"skipped":0,"pct":75}}
,"/home/michael/Proj/campops-marketplace/templates/shop-frontend/src/lib/socket.ts": {"lines":{"total":71,"covered":71,"skipped":0,"pct":100},"functions":{"total":19,"covered":19,"skipped":0,"pct":100},"statements":{"total":72,"covered":72,"skipped":0,"pct":100},"branches":{"total":32,"covered":27,"skipped":0,"pct":84.37}}
,"/home/michael/Proj/campops-marketplace/templates/shop-frontend/src/lib/utils.ts": {"lines":{"total":13,"covered":13,"skipped":0,"pct":100},"functions":{"total":9,"covered":9,"skipped":0,"pct":100},"statements":{"total":15,"covered":15,"skipped":0,"pct":100},"branches":{"total":9,"covered":9,"skipped":0,"pct":100}}
,"/home/michael/Proj/campops-marketplace/templates/shop-frontend/src/lib/validation.ts": {"lines":{"total":18,"covered":18,"skipped":0,"pct":100},"functions":{"total":2,"covered":2,"skipped":0,"pct":100},"statements":{"total":19,"covered":19,"skipped":0,"pct":100},"branches":{"total":4,"covered":4,"skipped":0,"pct":100}}
,"/home/michael/Proj/campops-marketplace/templates/shop-frontend/src/plugin-bootstrap/ical.tsx": {"lines":{"total":2,"covered":2,"skipped":0,"pct":100},"functions":{"total":2,"covered":2,"skipped":0,"pct":100},"statements":{"total":2,"covered":2,"skipped":0,"pct":100},"branches":{"total":0,"covered":0,"skipped":0,"pct":100}}
,"/home/michael/Proj/campops-marketplace/templates/shop-frontend/src/plugin-bootstrap/loyalty.tsx": {"lines":{"total":2,"covered":2,"skipped":0,"pct":100},"functions":{"total":2,"covered":2,"skipped":0,"pct":100},"statements":{"total":2,"covered":2,"skipped":0,"pct":100},"branches":{"total":0,"covered":0,"skipped":0,"pct":100}}
,"/home/michael/Proj/campops-marketplace/templates/shop-frontend/src/plugin-bootstrap/pwa.tsx": {"lines":{"total":4,"covered":4,"skipped":0,"pct":100},"functions":{"total":3,"covered":3,"skipped":0,"pct":100},"statements":{"total":4,"covered":4,"skipped":0,"pct":100},"branches":{"total":0,"covered":0,"skipped":0,"pct":100}}
,"/home/michael/Proj/campops-marketplace/templates/shop-frontend/src/plugin-bootstrap/siteminder.tsx": {"lines":{"total":2,"covered":2,"skipped":0,"pct":100},"functions":{"total":2,"covered":2,"skipped":0,"pct":100},"statements":{"total":2,"covered":2,"skipped":0,"pct":100},"branches":{"total":0,"covered":0,"skipped":0,"pct":100}}
,"/home/michael/Proj/campops-marketplace/templates/shop-frontend/src/store/canvasStore.ts": {"lines":{"total":83,"covered":82,"skipped":0,"pct":98.79},"functions":{"total":58,"covered":57,"skipped":0,"pct":98.27},"statements":{"total":113,"covered":101,"skipped":0,"pct":89.38},"branches":{"total":60,"covered":36,"skipped":0,"pct":60}}
}
