{"/home/michael/Proj/sinaicamps-marketplace/templates/shop-frontend/src/app/routes/guards.tsx": {"path":"/home/michael/Proj/sinaicamps-marketplace/templates/shop-frontend/src/app/routes/guards.tsx","statementMap":{"0":{"start":{"line":16,"column":2},"end":{"line":19,"column":null}},"1":{"start":{"line":26,"column":10},"end":{"line":26,"column":28}},"2":{"start":{"line":27,"column":2},"end":{"line":39,"column":null}},"3":{"start":{"line":49,"column":27},"end":{"line":49,"column":50}},"4":{"start":{"line":50,"column":2},"end":{"line":50,"column":null}},"5":{"start":{"line":50,"column":17},"end":{"line":50,"column":null}},"6":{"start":{"line":51,"column":2},"end":{"line":51,"column":null}},"7":{"start":{"line":51,"column":24},"end":{"line":51,"column":null}},"8":{"start":{"line":52,"column":2},"end":{"line":52,"column":null}},"9":{"start":{"line":68,"column":33},"end":{"line":68,"column":56}},"10":{"start":{"line":69,"column":2},"end":{"line":69,"column":null}},"11":{"start":{"line":69,"column":17},"end":{"line":69,"column":null}},"12":{"start":{"line":70,"column":2},"end":{"line":70,"column":null}},"13":{"start":{"line":70,"column":24},"end":{"line":70,"column":null}},"14":{"start":{"line":71,"column":2},"end":{"line":75,"column":null}},"15":{"start":{"line":72,"column":4},"end":{"line":75,"column":null}},"16":{"start":{"line":78,"column":2},"end":{"line":78,"column":null}},"17":{"start":{"line":93,"column":38},"end":{"line":93,"column":68}},"18":{"start":{"line":94,"column":2},"end":{"line":94,"column":null}},"19":{"start":{"line":94,"column":17},"end":{"line":94,"column":null}},"20":{"start":{"line":95,"column":2},"end":{"line":95,"column":null}},"21":{"start":{"line":95,"column":24},"end":{"line":95,"column":null}},"22":{"start":{"line":96,"column":2},"end":{"line":100,"column":null}},"23":{"start":{"line":97,"column":4},"end":{"line":100,"column":null}},"24":{"start":{"line":103,"column":2},"end":{"line":103,"column":null}}},"fnMap":{"0":{"name":"PageLoading","decl":{"start":{"line":15,"column":16},"end":{"line":15,"column":30}},"loc":{"start":{"line":15,"column":30},"end":{"line":19,"column":null}},"line":15},"1":{"name":"AccessDenied","decl":{"start":{"line":25,"column":16},"end":{"line":25,"column":29}},"loc":{"start":{"line":25,"column":113},"end":{"line":39,"column":null}},"line":25},"2":{"name":"RequireAuth","decl":{"start":{"line":48,"column":16},"end":{"line":48,"column":28}},"loc":{"start":{"line":48,"column":73},"end":{"line":52,"column":null}},"line":48},"3":{"name":"RequireRole","decl":{"start":{"line":59,"column":16},"end":{"line":59,"column":28}},"loc":{"start":{"line":67,"column":3},"end":{"line":78,"column":null}},"line":67},"4":{"name":"RequireListingAccess","decl":{"start":{"line":86,"column":16},"end":{"line":86,"column":37}},"loc":{"start":{"line":92,"column":3},"end":{"line":103,"column":null}},"line":92}},"branchMap":{"0":{"loc":{"start":{"line":25,"column":31},"end":{"line":25,"column":113}},"type":"default-arg","locations":[{"start":{"line":25,"column":41},"end":{"line":25,"column":113}}],"line":25},"1":{"loc":{"start":{"line":35,"column":16},"end":{"line":35,"column":null}},"type":"cond-expr","locations":[{"start":{"line":35,"column":23},"end":{"line":35,"column":29}},{"start":{"line":35,"column":29},"end":{"line":35,"column":null}}],"line":35},"2":{"loc":{"start":{"line":37,"column":11},"end":{"line":37,"column":null}},"type":"cond-expr","locations":[{"start":{"line":37,"column":18},"end":{"line":37,"column":33}},{"start":{"line":37,"column":33},"end":{"line":37,"column":null}}],"line":37},"3":{"loc":{"start":{"line":50,"column":2},"end":{"line":50,"column":null}},"type":"if","locations":[{"start":{"line":50,"column":2},"end":{"line":50,"column":null}},{"start":{},"end":{}}],"line":50},"4":{"loc":{"start":{"line":51,"column":2},"end":{"line":51,"column":null}},"type":"if","locations":[{"start":{"line":51,"column":2},"end":{"line":51,"column":null}},{"start":{},"end":{}}],"line":51},"5":{"loc":{"start":{"line":69,"column":2},"end":{"line":69,"column":null}},"type":"if","locations":[{"start":{"line":69,"column":2},"end":{"line":69,"column":null}},{"start":{},"end":{}}],"line":69},"6":{"loc":{"start":{"line":70,"column":2},"end":{"line":70,"column":null}},"type":"if","locations":[{"start":{"line":70,"column":2},"end":{"line":70,"column":null}},{"start":{},"end":{}}],"line":70},"7":{"loc":{"start":{"line":71,"column":2},"end":{"line":75,"column":null}},"type":"if","locations":[{"start":{"line":71,"column":2},"end":{"line":75,"column":null}},{"start":{},"end":{}}],"line":71},"8":{"loc":{"start":{"line":71,"column":6},"end":{"line":71,"column":41}},"type":"binary-expr","locations":[{"start":{"line":71,"column":6},"end":{"line":71,"column":15}},{"start":{"line":71,"column":15},"end":{"line":71,"column":41}}],"line":71},"9":{"loc":{"start":{"line":74,"column":17},"end":{"line":74,"column":null}},"type":"binary-expr","locations":[{"start":{"line":74,"column":17},"end":{"line":74,"column":28}},{"start":{"line":74,"column":28},"end":{"line":74,"column":null}}],"line":74},"10":{"loc":{"start":{"line":94,"column":2},"end":{"line":94,"column":null}},"type":"if","locations":[{"start":{"line":94,"column":2},"end":{"line":94,"column":null}},{"start":{},"end":{}}],"line":94},"11":{"loc":{"start":{"line":95,"column":2},"end":{"line":95,"column":null}},"type":"if","locations":[{"start":{"line":95,"column":2},"end":{"line":95,"column":null}},{"start":{},"end":{}}],"line":95},"12":{"loc":{"start":{"line":96,"column":2},"end":{"line":100,"column":null}},"type":"if","locations":[{"start":{"line":96,"column":2},"end":{"line":100,"column":null}},{"start":{},"end":{}}],"line":96}},"s":{"0":4,"1":11,"2":11,"3":3,"4":3,"5":1,"6":2,"7":2,"8":1,"9":29,"10":29,"11":1,"12":28,"13":28,"14":25,"15":5,"16":20,"17":13,"18":13,"19":1,"20":12,"21":12,"22":10,"23":2,"24":8},"f":{"0":4,"1":11,"2":3,"3":29,"4":13},"b":{"0":[11],"1":[8,3],"2":[8,3],"3":[1,2],"4":[1,1],"5":[1,28],"6":[3,25],"7":[5,20],"8":[25,25],"9":[5,2],"10":[1,12],"11":[2,10],"12":[2,8]},"meta":{"lastBranch":13,"lastFunction":5,"lastStatement":25,"seen":{"f:15:16:15:30":0,"s:16:2:19:Infinity":0,"f:25:16:25:29":1,"b:25:41:25:113":0,"s:26:10:26:28":1,"s:27:2:39:Infinity":2,"b:35:23:35:29:35:29:35:Infinity":1,"b:37:18:37:33:37:33:37:Infinity":2,"f:48:16:48:28":2,"s:49:27:49:50":3,"b:50:2:50:Infinity:undefined:undefined:undefined:undefined":3,"s:50:2:50:Infinity":4,"s:50:17:50:Infinity":5,"b:51:2:51:Infinity:undefined:undefined:undefined:undefined":4,"s:51:2:51:Infinity":6,"s:51:24:51:Infinity":7,"s:52:2:52:Infinity":8,"f:59:16:59:28":3,"s:68:33:68:56":9,"b:69:2:69:Infinity:undefined:undefined:undefined:undefined":5,"s:69:2:69:Infinity":10,"s:69:17:69:Infinity":11,"b:70:2:70:Infinity:undefined:undefined:undefined:undefined":6,"s:70:2:70:Infinity":12,"s:70:24:70:Infinity":13,"b:71:2:75:Infinity:undefined:undefined:undefined:undefined":7,"s:71:2:75:Infinity":14,"b:71:6:71:15:71:15:71:41":8,"s:72:4:75:Infinity":15,"b:74:17:74:28:74:28:74:Infinity":9,"s:78:2:78:Infinity":16,"f:86:16:86:37":4,"s:93:38:93:68":17,"b:94:2:94:Infinity:undefined:undefined:undefined:undefined":10,"s:94:2:94:Infinity":18,"s:94:17:94:Infinity":19,"b:95:2:95:Infinity:undefined:undefined:undefined:undefined":11,"s:95:2:95:Infinity":20,"s:95:24:95:Infinity":21,"b:96:2:100:Infinity:undefined:undefined:undefined:undefined":12,"s:96:2:100:Infinity":22,"s:97:4:100:Infinity":23,"s:103:2:103:Infinity":24}}}
,"/home/michael/Proj/sinaicamps-marketplace/templates/shop-frontend/src/app/routes/guest.tsx": {"path":"/home/michael/Proj/sinaicamps-marketplace/templates/shop-frontend/src/app/routes/guest.tsx","statementMap":{"0":{"start":{"line":14,"column":6},"end":{"line":14,"column":null}},"1":{"start":{"line":14,"column":33},"end":{"line":14,"column":null}},"2":{"start":{"line":15,"column":6},"end":{"line":15,"column":null}},"3":{"start":{"line":15,"column":41},"end":{"line":15,"column":null}},"4":{"start":{"line":16,"column":6},"end":{"line":16,"column":null}},"5":{"start":{"line":16,"column":36},"end":{"line":16,"column":null}},"6":{"start":{"line":17,"column":6},"end":{"line":17,"column":null}},"7":{"start":{"line":17,"column":37},"end":{"line":17,"column":null}},"8":{"start":{"line":18,"column":6},"end":{"line":18,"column":null}},"9":{"start":{"line":18,"column":34},"end":{"line":18,"column":null}},"10":{"start":{"line":19,"column":6},"end":{"line":19,"column":null}},"11":{"start":{"line":19,"column":38},"end":{"line":19,"column":null}},"12":{"start":{"line":20,"column":6},"end":{"line":20,"column":null}},"13":{"start":{"line":20,"column":43},"end":{"line":20,"column":null}},"14":{"start":{"line":23,"column":6},"end":{"line":23,"column":null}},"15":{"start":{"line":23,"column":33},"end":{"line":23,"column":null}},"16":{"start":{"line":24,"column":6},"end":{"line":24,"column":null}},"17":{"start":{"line":24,"column":32},"end":{"line":24,"column":null}},"18":{"start":{"line":25,"column":6},"end":{"line":25,"column":null}},"19":{"start":{"line":25,"column":30},"end":{"line":25,"column":null}},"20":{"start":{"line":26,"column":6},"end":{"line":26,"column":null}},"21":{"start":{"line":26,"column":33},"end":{"line":26,"column":null}},"22":{"start":{"line":27,"column":6},"end":{"line":27,"column":null}},"23":{"start":{"line":27,"column":38},"end":{"line":27,"column":null}},"24":{"start":{"line":28,"column":6},"end":{"line":28,"column":null}},"25":{"start":{"line":28,"column":38},"end":{"line":28,"column":null}},"26":{"start":{"line":29,"column":6},"end":{"line":29,"column":null}},"27":{"start":{"line":29,"column":32},"end":{"line":29,"column":null}},"28":{"start":{"line":30,"column":6},"end":{"line":30,"column":null}},"29":{"start":{"line":30,"column":30},"end":{"line":30,"column":null}},"30":{"start":{"line":31,"column":6},"end":{"line":31,"column":null}},"31":{"start":{"line":31,"column":43},"end":{"line":31,"column":null}},"32":{"start":{"line":33,"column":20},"end":{"line":33,"column":null}},"33":{"start":{"line":40,"column":2},"end":{"line":80,"column":null}}},"fnMap":{"0":{"name":"(anonymous_0)","decl":{"start":{"line":14,"column":22},"end":{"line":14,"column":33}},"loc":{"start":{"line":14,"column":33},"end":{"line":14,"column":null}},"line":14},"1":{"name":"(anonymous_1)","decl":{"start":{"line":15,"column":30},"end":{"line":15,"column":41}},"loc":{"start":{"line":15,"column":41},"end":{"line":15,"column":null}},"line":15},"2":{"name":"(anonymous_2)","decl":{"start":{"line":16,"column":25},"end":{"line":16,"column":36}},"loc":{"start":{"line":16,"column":36},"end":{"line":16,"column":null}},"line":16},"3":{"name":"(anonymous_3)","decl":{"start":{"line":17,"column":26},"end":{"line":17,"column":37}},"loc":{"start":{"line":17,"column":37},"end":{"line":17,"column":null}},"line":17},"4":{"name":"(anonymous_4)","decl":{"start":{"line":18,"column":23},"end":{"line":18,"column":34}},"loc":{"start":{"line":18,"column":34},"end":{"line":18,"column":null}},"line":18},"5":{"name":"(anonymous_5)","decl":{"start":{"line":19,"column":27},"end":{"line":19,"column":38}},"loc":{"start":{"line":19,"column":38},"end":{"line":19,"column":null}},"line":19},"6":{"name":"(anonymous_6)","decl":{"start":{"line":20,"column":32},"end":{"line":20,"column":43}},"loc":{"start":{"line":20,"column":43},"end":{"line":20,"column":null}},"line":20},"7":{"name":"(anonymous_7)","decl":{"start":{"line":23,"column":22},"end":{"line":23,"column":33}},"loc":{"start":{"line":23,"column":33},"end":{"line":23,"column":null}},"line":23},"8":{"name":"(anonymous_8)","decl":{"start":{"line":24,"column":21},"end":{"line":24,"column":32}},"loc":{"start":{"line":24,"column":32},"end":{"line":24,"column":null}},"line":24},"9":{"name":"(anonymous_9)","decl":{"start":{"line":25,"column":19},"end":{"line":25,"column":30}},"loc":{"start":{"line":25,"column":30},"end":{"line":25,"column":null}},"line":25},"10":{"name":"(anonymous_10)","decl":{"start":{"line":26,"column":22},"end":{"line":26,"column":33}},"loc":{"start":{"line":26,"column":33},"end":{"line":26,"column":null}},"line":26},"11":{"name":"(anonymous_11)","decl":{"start":{"line":27,"column":27},"end":{"line":27,"column":38}},"loc":{"start":{"line":27,"column":38},"end":{"line":27,"column":null}},"line":27},"12":{"name":"(anonymous_12)","decl":{"start":{"line":28,"column":27},"end":{"line":28,"column":38}},"loc":{"start":{"line":28,"column":38},"end":{"line":28,"column":null}},"line":28},"13":{"name":"(anonymous_13)","decl":{"start":{"line":29,"column":21},"end":{"line":29,"column":32}},"loc":{"start":{"line":29,"column":32},"end":{"line":29,"column":null}},"line":29},"14":{"name":"(anonymous_14)","decl":{"start":{"line":30,"column":19},"end":{"line":30,"column":30}},"loc":{"start":{"line":30,"column":30},"end":{"line":30,"column":null}},"line":30},"15":{"name":"(anonymous_15)","decl":{"start":{"line":31,"column":32},"end":{"line":31,"column":43}},"loc":{"start":{"line":31,"column":43},"end":{"line":31,"column":null}},"line":31},"16":{"name":"GuestRoutes","decl":{"start":{"line":39,"column":16},"end":{"line":39,"column":30}},"loc":{"start":{"line":39,"column":30},"end":{"line":80,"column":null}},"line":39}},"branchMap":{},"s":{"0":1,"1":1,"2":1,"3":1,"4":1,"5":0,"6":1,"7":0,"8":1,"9":0,"10":1,"11":1,"12":1,"13":0,"14":1,"15":0,"16":1,"17":0,"18":1,"19":0,"20":1,"21":0,"22":1,"23":0,"24":1,"25":0,"26":1,"27":0,"28":1,"29":0,"30":1,"31":0,"32":1,"33":28},"f":{"0":1,"1":1,"2":0,"3":0,"4":0,"5":1,"6":0,"7":0,"8":0,"9":0,"10":0,"11":0,"12":0,"13":0,"14":0,"15":0,"16":28},"b":{},"meta":{"lastBranch":0,"lastFunction":17,"lastStatement":34,"seen":{"s:14:6:14:Infinity":0,"f:14:22:14:33":0,"s:14:33:14:Infinity":1,"s:15:6:15:Infinity":2,"f:15:30:15:41":1,"s:15:41:15:Infinity":3,"s:16:6:16:Infinity":4,"f:16:25:16:36":2,"s:16:36:16:Infinity":5,"s:17:6:17:Infinity":6,"f:17:26:17:37":3,"s:17:37:17:Infinity":7,"s:18:6:18:Infinity":8,"f:18:23:18:34":4,"s:18:34:18:Infinity":9,"s:19:6:19:Infinity":10,"f:19:27:19:38":5,"s:19:38:19:Infinity":11,"s:20:6:20:Infinity":12,"f:20:32:20:43":6,"s:20:43:20:Infinity":13,"s:23:6:23:Infinity":14,"f:23:22:23:33":7,"s:23:33:23:Infinity":15,"s:24:6:24:Infinity":16,"f:24:21:24:32":8,"s:24:32:24:Infinity":17,"s:25:6:25:Infinity":18,"f:25:19:25:30":9,"s:25:30:25:Infinity":19,"s:26:6:26:Infinity":20,"f:26:22:26:33":10,"s:26:33:26:Infinity":21,"s:27:6:27:Infinity":22,"f:27:27:27:38":11,"s:27:38:27:Infinity":23,"s:28:6:28:Infinity":24,"f:28:27:28:38":12,"s:28:38:28:Infinity":25,"s:29:6:29:Infinity":26,"f:29:21:29:32":13,"s:29:32:29:Infinity":27,"s:30:6:30:Infinity":28,"f:30:19:30:30":14,"s:30:30:30:Infinity":29,"s:31:6:31:Infinity":30,"f:31:32:31:43":15,"s:31:43:31:Infinity":31,"s:33:20:33:Infinity":32,"f:39:16:39:30":16,"s:40:2:80:Infinity":33}}}
,"/home/michael/Proj/sinaicamps-marketplace/templates/shop-frontend/src/app/routes/manager.tsx": {"path":"/home/michael/Proj/sinaicamps-marketplace/templates/shop-frontend/src/app/routes/manager.tsx","statementMap":{"0":{"start":{"line":19,"column":6},"end":{"line":19,"column":null}},"1":{"start":{"line":19,"column":39},"end":{"line":19,"column":null}},"2":{"start":{"line":20,"column":6},"end":{"line":20,"column":null}},"3":{"start":{"line":20,"column":35},"end":{"line":20,"column":null}},"4":{"start":{"line":23,"column":6},"end":{"line":23,"column":null}},"5":{"start":{"line":23,"column":35},"end":{"line":23,"column":null}},"6":{"start":{"line":24,"column":6},"end":{"line":24,"column":null}},"7":{"start":{"line":24,"column":38},"end":{"line":24,"column":null}},"8":{"start":{"line":25,"column":6},"end":{"line":25,"column":null}},"9":{"start":{"line":25,"column":39},"end":{"line":25,"column":null}},"10":{"start":{"line":26,"column":6},"end":{"line":26,"column":null}},"11":{"start":{"line":26,"column":36},"end":{"line":26,"column":null}},"12":{"start":{"line":27,"column":6},"end":{"line":27,"column":null}},"13":{"start":{"line":27,"column":30},"end":{"line":27,"column":null}},"14":{"start":{"line":28,"column":6},"end":{"line":28,"column":null}},"15":{"start":{"line":28,"column":37},"end":{"line":28,"column":null}},"16":{"start":{"line":29,"column":6},"end":{"line":29,"column":null}},"17":{"start":{"line":29,"column":31},"end":{"line":29,"column":null}},"18":{"start":{"line":30,"column":6},"end":{"line":30,"column":null}},"19":{"start":{"line":30,"column":32},"end":{"line":30,"column":null}},"20":{"start":{"line":33,"column":6},"end":{"line":33,"column":null}},"21":{"start":{"line":33,"column":33},"end":{"line":33,"column":null}},"22":{"start":{"line":39,"column":10},"end":{"line":39,"column":58}},"23":{"start":{"line":40,"column":2},"end":{"line":43,"column":null}},"24":{"start":{"line":48,"column":2},"end":{"line":88,"column":null}}},"fnMap":{"0":{"name":"(anonymous_0)","decl":{"start":{"line":19,"column":28},"end":{"line":19,"column":39}},"loc":{"start":{"line":19,"column":39},"end":{"line":19,"column":null}},"line":19},"1":{"name":"(anonymous_1)","decl":{"start":{"line":20,"column":24},"end":{"line":20,"column":35}},"loc":{"start":{"line":20,"column":35},"end":{"line":20,"column":null}},"line":20},"2":{"name":"(anonymous_2)","decl":{"start":{"line":23,"column":24},"end":{"line":23,"column":35}},"loc":{"start":{"line":23,"column":35},"end":{"line":23,"column":null}},"line":23},"3":{"name":"(anonymous_3)","decl":{"start":{"line":24,"column":27},"end":{"line":24,"column":38}},"loc":{"start":{"line":24,"column":38},"end":{"line":24,"column":null}},"line":24},"4":{"name":"(anonymous_4)","decl":{"start":{"line":25,"column":28},"end":{"line":25,"column":39}},"loc":{"start":{"line":25,"column":39},"end":{"line":25,"column":null}},"line":25},"5":{"name":"(anonymous_5)","decl":{"start":{"line":26,"column":25},"end":{"line":26,"column":36}},"loc":{"start":{"line":26,"column":36},"end":{"line":26,"column":null}},"line":26},"6":{"name":"(anonymous_6)","decl":{"start":{"line":27,"column":19},"end":{"line":27,"column":30}},"loc":{"start":{"line":27,"column":30},"end":{"line":27,"column":null}},"line":27},"7":{"name":"(anonymous_7)","decl":{"start":{"line":28,"column":26},"end":{"line":28,"column":37}},"loc":{"start":{"line":28,"column":37},"end":{"line":28,"column":null}},"line":28},"8":{"name":"(anonymous_8)","decl":{"start":{"line":29,"column":20},"end":{"line":29,"column":31}},"loc":{"start":{"line":29,"column":31},"end":{"line":29,"column":null}},"line":29},"9":{"name":"(anonymous_9)","decl":{"start":{"line":30,"column":21},"end":{"line":30,"column":32}},"loc":{"start":{"line":30,"column":32},"end":{"line":30,"column":null}},"line":30},"10":{"name":"(anonymous_10)","decl":{"start":{"line":33,"column":22},"end":{"line":33,"column":33}},"loc":{"start":{"line":33,"column":33},"end":{"line":33,"column":null}},"line":33},"11":{"name":"ListingAccessWrapper","decl":{"start":{"line":38,"column":9},"end":{"line":38,"column":30}},"loc":{"start":{"line":38,"column":75},"end":{"line":43,"column":null}},"line":38},"12":{"name":"ManagerRoutes","decl":{"start":{"line":47,"column":16},"end":{"line":47,"column":32}},"loc":{"start":{"line":47,"column":32},"end":{"line":88,"column":null}},"line":47}},"branchMap":{},"s":{"0":1,"1":1,"2":1,"3":1,"4":1,"5":1,"6":1,"7":0,"8":1,"9":0,"10":1,"11":0,"12":1,"13":0,"14":1,"15":0,"16":1,"17":0,"18":1,"19":0,"20":1,"21":0,"22":9,"23":9,"24":28},"f":{"0":1,"1":1,"2":1,"3":0,"4":0,"5":0,"6":0,"7":0,"8":0,"9":0,"10":0,"11":9,"12":28},"b":{},"meta":{"lastBranch":0,"lastFunction":13,"lastStatement":25,"seen":{"s:19:6:19:Infinity":0,"f:19:28:19:39":0,"s:19:39:19:Infinity":1,"s:20:6:20:Infinity":2,"f:20:24:20:35":1,"s:20:35:20:Infinity":3,"s:23:6:23:Infinity":4,"f:23:24:23:35":2,"s:23:35:23:Infinity":5,"s:24:6:24:Infinity":6,"f:24:27:24:38":3,"s:24:38:24:Infinity":7,"s:25:6:25:Infinity":8,"f:25:28:25:39":4,"s:25:39:25:Infinity":9,"s:26:6:26:Infinity":10,"f:26:25:26:36":5,"s:26:36:26:Infinity":11,"s:27:6:27:Infinity":12,"f:27:19:27:30":6,"s:27:30:27:Infinity":13,"s:28:6:28:Infinity":14,"f:28:26:28:37":7,"s:28:37:28:Infinity":15,"s:29:6:29:Infinity":16,"f:29:20:29:31":8,"s:29:31:29:Infinity":17,"s:30:6:30:Infinity":18,"f:30:21:30:32":9,"s:30:32:30:Infinity":19,"s:33:6:33:Infinity":20,"f:33:22:33:33":10,"s:33:33:33:Infinity":21,"f:38:9:38:30":11,"s:39:10:39:58":22,"s:40:2:43:Infinity":23,"f:47:16:47:32":12,"s:48:2:88:Infinity":24}}}
,"/home/michael/Proj/sinaicamps-marketplace/templates/shop-frontend/src/app/routes/master.tsx": {"path":"/home/michael/Proj/sinaicamps-marketplace/templates/shop-frontend/src/app/routes/master.tsx","statementMap":{"0":{"start":{"line":15,"column":6},"end":{"line":15,"column":null}},"1":{"start":{"line":15,"column":39},"end":{"line":15,"column":null}},"2":{"start":{"line":16,"column":6},"end":{"line":16,"column":null}},"3":{"start":{"line":16,"column":35},"end":{"line":16,"column":null}},"4":{"start":{"line":17,"column":6},"end":{"line":17,"column":null}},"5":{"start":{"line":17,"column":39},"end":{"line":17,"column":null}},"6":{"start":{"line":18,"column":6},"end":{"line":18,"column":null}},"7":{"start":{"line":18,"column":37},"end":{"line":18,"column":null}},"8":{"start":{"line":19,"column":6},"end":{"line":19,"column":null}},"9":{"start":{"line":19,"column":35},"end":{"line":19,"column":null}},"10":{"start":{"line":22,"column":6},"end":{"line":22,"column":null}},"11":{"start":{"line":22,"column":31},"end":{"line":22,"column":null}},"12":{"start":{"line":23,"column":6},"end":{"line":23,"column":null}},"13":{"start":{"line":23,"column":38},"end":{"line":23,"column":null}},"14":{"start":{"line":24,"column":6},"end":{"line":24,"column":null}},"15":{"start":{"line":24,"column":32},"end":{"line":24,"column":null}},"16":{"start":{"line":25,"column":6},"end":{"line":25,"column":null}},"17":{"start":{"line":25,"column":33},"end":{"line":25,"column":null}},"18":{"start":{"line":26,"column":6},"end":{"line":26,"column":null}},"19":{"start":{"line":26,"column":37},"end":{"line":26,"column":null}},"20":{"start":{"line":29,"column":2},"end":{"line":70,"column":null}}},"fnMap":{"0":{"name":"(anonymous_0)","decl":{"start":{"line":15,"column":28},"end":{"line":15,"column":39}},"loc":{"start":{"line":15,"column":39},"end":{"line":15,"column":null}},"line":15},"1":{"name":"(anonymous_1)","decl":{"start":{"line":16,"column":24},"end":{"line":16,"column":35}},"loc":{"start":{"line":16,"column":35},"end":{"line":16,"column":null}},"line":16},"2":{"name":"(anonymous_2)","decl":{"start":{"line":17,"column":28},"end":{"line":17,"column":39}},"loc":{"start":{"line":17,"column":39},"end":{"line":17,"column":null}},"line":17},"3":{"name":"(anonymous_3)","decl":{"start":{"line":18,"column":26},"end":{"line":18,"column":37}},"loc":{"start":{"line":18,"column":37},"end":{"line":18,"column":null}},"line":18},"4":{"name":"(anonymous_4)","decl":{"start":{"line":19,"column":24},"end":{"line":19,"column":35}},"loc":{"start":{"line":19,"column":35},"end":{"line":19,"column":null}},"line":19},"5":{"name":"(anonymous_5)","decl":{"start":{"line":22,"column":20},"end":{"line":22,"column":31}},"loc":{"start":{"line":22,"column":31},"end":{"line":22,"column":null}},"line":22},"6":{"name":"(anonymous_6)","decl":{"start":{"line":23,"column":27},"end":{"line":23,"column":38}},"loc":{"start":{"line":23,"column":38},"end":{"line":23,"column":null}},"line":23},"7":{"name":"(anonymous_7)","decl":{"start":{"line":24,"column":21},"end":{"line":24,"column":32}},"loc":{"start":{"line":24,"column":32},"end":{"line":24,"column":null}},"line":24},"8":{"name":"(anonymous_8)","decl":{"start":{"line":25,"column":22},"end":{"line":25,"column":33}},"loc":{"start":{"line":25,"column":33},"end":{"line":25,"column":null}},"line":25},"9":{"name":"(anonymous_9)","decl":{"start":{"line":26,"column":26},"end":{"line":26,"column":37}},"loc":{"start":{"line":26,"column":37},"end":{"line":26,"column":null}},"line":26},"10":{"name":"MasterRoutes","decl":{"start":{"line":28,"column":16},"end":{"line":28,"column":31}},"loc":{"start":{"line":28,"column":31},"end":{"line":70,"column":null}},"line":28}},"branchMap":{},"s":{"0":1,"1":1,"2":1,"3":1,"4":1,"5":1,"6":1,"7":1,"8":1,"9":1,"10":1,"11":0,"12":1,"13":0,"14":1,"15":0,"16":1,"17":1,"18":1,"19":0,"20":28},"f":{"0":1,"1":1,"2":1,"3":1,"4":1,"5":0,"6":0,"7":0,"8":1,"9":0,"10":28},"b":{},"meta":{"lastBranch":0,"lastFunction":11,"lastStatement":21,"seen":{"s:15:6:15:Infinity":0,"f:15:28:15:39":0,"s:15:39:15:Infinity":1,"s:16:6:16:Infinity":2,"f:16:24:16:35":1,"s:16:35:16:Infinity":3,"s:17:6:17:Infinity":4,"f:17:28:17:39":2,"s:17:39:17:Infinity":5,"s:18:6:18:Infinity":6,"f:18:26:18:37":3,"s:18:37:18:Infinity":7,"s:19:6:19:Infinity":8,"f:19:24:19:35":4,"s:19:35:19:Infinity":9,"s:22:6:22:Infinity":10,"f:22:20:22:31":5,"s:22:31:22:Infinity":11,"s:23:6:23:Infinity":12,"f:23:27:23:38":6,"s:23:38:23:Infinity":13,"s:24:6:24:Infinity":14,"f:24:21:24:32":7,"s:24:32:24:Infinity":15,"s:25:6:25:Infinity":16,"f:25:22:25:33":8,"s:25:33:25:Infinity":17,"s:26:6:26:Infinity":18,"f:26:26:26:37":9,"s:26:37:26:Infinity":19,"f:28:16:28:31":10,"s:29:2:70:Infinity":20}}}
,"/home/michael/Proj/sinaicamps-marketplace/templates/shop-frontend/src/app/routes/public.tsx": {"path":"/home/michael/Proj/sinaicamps-marketplace/templates/shop-frontend/src/app/routes/public.tsx","statementMap":{"0":{"start":{"line":12,"column":6},"end":{"line":12,"column":null}},"1":{"start":{"line":12,"column":39},"end":{"line":12,"column":null}},"2":{"start":{"line":13,"column":6},"end":{"line":13,"column":null}},"3":{"start":{"line":13,"column":37},"end":{"line":13,"column":null}},"4":{"start":{"line":14,"column":6},"end":{"line":14,"column":null}},"5":{"start":{"line":14,"column":38},"end":{"line":14,"column":null}},"6":{"start":{"line":15,"column":6},"end":{"line":15,"column":null}},"7":{"start":{"line":15,"column":31},"end":{"line":15,"column":null}},"8":{"start":{"line":18,"column":6},"end":{"line":18,"column":null}},"9":{"start":{"line":18,"column":29},"end":{"line":18,"column":null}},"10":{"start":{"line":19,"column":6},"end":{"line":19,"column":null}},"11":{"start":{"line":19,"column":30},"end":{"line":19,"column":null}},"12":{"start":{"line":20,"column":6},"end":{"line":20,"column":null}},"13":{"start":{"line":20,"column":38},"end":{"line":20,"column":null}},"14":{"start":{"line":21,"column":6},"end":{"line":21,"column":null}},"15":{"start":{"line":21,"column":37},"end":{"line":21,"column":null}},"16":{"start":{"line":24,"column":6},"end":{"line":24,"column":null}},"17":{"start":{"line":24,"column":35},"end":{"line":24,"column":null}},"18":{"start":{"line":25,"column":6},"end":{"line":25,"column":null}},"19":{"start":{"line":25,"column":31},"end":{"line":25,"column":null}},"20":{"start":{"line":26,"column":6},"end":{"line":26,"column":null}},"21":{"start":{"line":26,"column":31},"end":{"line":26,"column":null}},"22":{"start":{"line":27,"column":6},"end":{"line":27,"column":null}},"23":{"start":{"line":27,"column":34},"end":{"line":27,"column":null}},"24":{"start":{"line":28,"column":6},"end":{"line":28,"column":null}},"25":{"start":{"line":28,"column":28},"end":{"line":28,"column":null}},"26":{"start":{"line":29,"column":6},"end":{"line":29,"column":null}},"27":{"start":{"line":29,"column":28},"end":{"line":29,"column":null}},"28":{"start":{"line":30,"column":6},"end":{"line":30,"column":null}},"29":{"start":{"line":30,"column":36},"end":{"line":30,"column":null}},"30":{"start":{"line":31,"column":6},"end":{"line":31,"column":null}},"31":{"start":{"line":31,"column":35},"end":{"line":31,"column":null}},"32":{"start":{"line":32,"column":6},"end":{"line":32,"column":null}},"33":{"start":{"line":32,"column":35},"end":{"line":32,"column":null}},"34":{"start":{"line":39,"column":2},"end":{"line":76,"column":null}}},"fnMap":{"0":{"name":"(anonymous_0)","decl":{"start":{"line":12,"column":28},"end":{"line":12,"column":39}},"loc":{"start":{"line":12,"column":39},"end":{"line":12,"column":null}},"line":12},"1":{"name":"(anonymous_1)","decl":{"start":{"line":13,"column":26},"end":{"line":13,"column":37}},"loc":{"start":{"line":13,"column":37},"end":{"line":13,"column":null}},"line":13},"2":{"name":"(anonymous_2)","decl":{"start":{"line":14,"column":27},"end":{"line":14,"column":38}},"loc":{"start":{"line":14,"column":38},"end":{"line":14,"column":null}},"line":14},"3":{"name":"(anonymous_3)","decl":{"start":{"line":15,"column":20},"end":{"line":15,"column":31}},"loc":{"start":{"line":15,"column":31},"end":{"line":15,"column":null}},"line":15},"4":{"name":"(anonymous_4)","decl":{"start":{"line":18,"column":18},"end":{"line":18,"column":29}},"loc":{"start":{"line":18,"column":29},"end":{"line":18,"column":null}},"line":18},"5":{"name":"(anonymous_5)","decl":{"start":{"line":19,"column":19},"end":{"line":19,"column":30}},"loc":{"start":{"line":19,"column":30},"end":{"line":19,"column":null}},"line":19},"6":{"name":"(anonymous_6)","decl":{"start":{"line":20,"column":27},"end":{"line":20,"column":38}},"loc":{"start":{"line":20,"column":38},"end":{"line":20,"column":null}},"line":20},"7":{"name":"(anonymous_7)","decl":{"start":{"line":21,"column":26},"end":{"line":21,"column":37}},"loc":{"start":{"line":21,"column":37},"end":{"line":21,"column":null}},"line":21},"8":{"name":"(anonymous_8)","decl":{"start":{"line":24,"column":24},"end":{"line":24,"column":35}},"loc":{"start":{"line":24,"column":35},"end":{"line":24,"column":null}},"line":24},"9":{"name":"(anonymous_9)","decl":{"start":{"line":25,"column":20},"end":{"line":25,"column":31}},"loc":{"start":{"line":25,"column":31},"end":{"line":25,"column":null}},"line":25},"10":{"name":"(anonymous_10)","decl":{"start":{"line":26,"column":20},"end":{"line":26,"column":31}},"loc":{"start":{"line":26,"column":31},"end":{"line":26,"column":null}},"line":26},"11":{"name":"(anonymous_11)","decl":{"start":{"line":27,"column":23},"end":{"line":27,"column":34}},"loc":{"start":{"line":27,"column":34},"end":{"line":27,"column":null}},"line":27},"12":{"name":"(anonymous_12)","decl":{"start":{"line":28,"column":17},"end":{"line":28,"column":28}},"loc":{"start":{"line":28,"column":28},"end":{"line":28,"column":null}},"line":28},"13":{"name":"(anonymous_13)","decl":{"start":{"line":29,"column":17},"end":{"line":29,"column":28}},"loc":{"start":{"line":29,"column":28},"end":{"line":29,"column":null}},"line":29},"14":{"name":"(anonymous_14)","decl":{"start":{"line":30,"column":25},"end":{"line":30,"column":36}},"loc":{"start":{"line":30,"column":36},"end":{"line":30,"column":null}},"line":30},"15":{"name":"(anonymous_15)","decl":{"start":{"line":31,"column":24},"end":{"line":31,"column":35}},"loc":{"start":{"line":31,"column":35},"end":{"line":31,"column":null}},"line":31},"16":{"name":"(anonymous_16)","decl":{"start":{"line":32,"column":24},"end":{"line":32,"column":35}},"loc":{"start":{"line":32,"column":35},"end":{"line":32,"column":null}},"line":32},"17":{"name":"PublicRoutes","decl":{"start":{"line":38,"column":16},"end":{"line":38,"column":31}},"loc":{"start":{"line":38,"column":31},"end":{"line":76,"column":null}},"line":38}},"branchMap":{},"s":{"0":1,"1":1,"2":1,"3":1,"4":1,"5":1,"6":1,"7":1,"8":1,"9":1,"10":1,"11":1,"12":1,"13":1,"14":1,"15":0,"16":1,"17":0,"18":1,"19":0,"20":1,"21":0,"22":1,"23":0,"24":1,"25":0,"26":1,"27":0,"28":1,"29":0,"30":1,"31":0,"32":1,"33":0,"34":28},"f":{"0":1,"1":1,"2":1,"3":1,"4":1,"5":1,"6":1,"7":0,"8":0,"9":0,"10":0,"11":0,"12":0,"13":0,"14":0,"15":0,"16":0,"17":28},"b":{},"meta":{"lastBranch":0,"lastFunction":18,"lastStatement":35,"seen":{"s:12:6:12:Infinity":0,"f:12:28:12:39":0,"s:12:39:12:Infinity":1,"s:13:6:13:Infinity":2,"f:13:26:13:37":1,"s:13:37:13:Infinity":3,"s:14:6:14:Infinity":4,"f:14:27:14:38":2,"s:14:38:14:Infinity":5,"s:15:6:15:Infinity":6,"f:15:20:15:31":3,"s:15:31:15:Infinity":7,"s:18:6:18:Infinity":8,"f:18:18:18:29":4,"s:18:29:18:Infinity":9,"s:19:6:19:Infinity":10,"f:19:19:19:30":5,"s:19:30:19:Infinity":11,"s:20:6:20:Infinity":12,"f:20:27:20:38":6,"s:20:38:20:Infinity":13,"s:21:6:21:Infinity":14,"f:21:26:21:37":7,"s:21:37:21:Infinity":15,"s:24:6:24:Infinity":16,"f:24:24:24:35":8,"s:24:35:24:Infinity":17,"s:25:6:25:Infinity":18,"f:25:20:25:31":9,"s:25:31:25:Infinity":19,"s:26:6:26:Infinity":20,"f:26:20:26:31":10,"s:26:31:26:Infinity":21,"s:27:6:27:Infinity":22,"f:27:23:27:34":11,"s:27:34:27:Infinity":23,"s:28:6:28:Infinity":24,"f:28:17:28:28":12,"s:28:28:28:Infinity":25,"s:29:6:29:Infinity":26,"f:29:17:29:28":13,"s:29:28:29:Infinity":27,"s:30:6:30:Infinity":28,"f:30:25:30:36":14,"s:30:36:30:Infinity":29,"s:31:6:31:Infinity":30,"f:31:24:31:35":15,"s:31:35:31:Infinity":31,"s:32:6:32:Infinity":32,"f:32:24:32:35":16,"s:32:35:32:Infinity":33,"f:38:16:38:31":17,"s:39:2:76:Infinity":34}}}
,"/home/michael/Proj/sinaicamps-marketplace/templates/shop-frontend/src/components/ConfirmDialog.tsx": {"path":"/home/michael/Proj/sinaicamps-marketplace/templates/shop-frontend/src/components/ConfirmDialog.tsx","statementMap":{"0":{"start":{"line":32,"column":2},"end":{"line":55,"column":null}},"1":{"start":{"line":40,"column":51},"end":{"line":40,"column":70}},"2":{"start":{"line":46,"column":14},"end":{"line":46,"column":null}},"3":{"start":{"line":47,"column":14},"end":{"line":47,"column":null}}},"fnMap":{"0":{"name":"ConfirmDialog","decl":{"start":{"line":22,"column":16},"end":{"line":22,"column":30}},"loc":{"start":{"line":31,"column":23},"end":{"line":55,"column":null}},"line":31},"1":{"name":"(anonymous_1)","decl":{"start":{"line":40,"column":36},"end":{"line":40,"column":51}},"loc":{"start":{"line":40,"column":51},"end":{"line":40,"column":70}},"line":40},"2":{"name":"(anonymous_2)","decl":{"start":{"line":45,"column":12},"end":{"line":45,"column":27}},"loc":{"start":{"line":45,"column":27},"end":{"line":47,"column":null}},"line":45}},"branchMap":{"0":{"loc":{"start":{"line":28,"column":2},"end":{"line":28,"column":null}},"type":"default-arg","locations":[{"start":{"line":28,"column":16},"end":{"line":28,"column":null}}],"line":28},"1":{"loc":{"start":{"line":29,"column":2},"end":{"line":29,"column":null}},"type":"default-arg","locations":[{"start":{"line":29,"column":15},"end":{"line":29,"column":null}}],"line":29},"2":{"loc":{"start":{"line":30,"column":2},"end":{"line":30,"column":null}},"type":"default-arg","locations":[{"start":{"line":30,"column":12},"end":{"line":30,"column":null}}],"line":30}},"s":{"0":8,"1":1,"2":1,"3":1},"f":{"0":8,"1":1,"2":1},"b":{"0":[8],"1":[8],"2":[8]},"meta":{"lastBranch":3,"lastFunction":3,"lastStatement":4,"seen":{"f:22:16:22:30":0,"b:28:16:28:Infinity":0,"b:29:15:29:Infinity":1,"b:30:12:30:Infinity":2,"s:32:2:55:Infinity":0,"f:40:36:40:51":1,"s:40:51:40:70":1,"f:45:12:45:27":2,"s:46:14:46:Infinity":2,"s:47:14:47:Infinity":3}}}
,"/home/michael/Proj/sinaicamps-marketplace/templates/shop-frontend/src/components/ConflictResolutionModal.tsx": {"path":"/home/michael/Proj/sinaicamps-marketplace/templates/shop-frontend/src/components/ConflictResolutionModal.tsx","statementMap":{"0":{"start":{"line":29,"column":2},"end":{"line":75,"column":null}}},"fnMap":{"0":{"name":"ConflictResolutionModal","decl":{"start":{"line":23,"column":16},"end":{"line":23,"column":40}},"loc":{"start":{"line":28,"column":33},"end":{"line":75,"column":null}},"line":28}},"branchMap":{},"s":{"0":11},"f":{"0":11},"b":{},"meta":{"lastBranch":0,"lastFunction":1,"lastStatement":1,"seen":{"f:23:16:23:40":0,"s:29:2:75:Infinity":0}}}
,"/home/michael/Proj/sinaicamps-marketplace/templates/shop-frontend/src/components/FeatureGate.tsx": {"path":"/home/michael/Proj/sinaicamps-marketplace/templates/shop-frontend/src/components/FeatureGate.tsx","statementMap":{"0":{"start":{"line":28,"column":8},"end":{"line":28,"column":31}},"1":{"start":{"line":29,"column":2},"end":{"line":29,"column":null}}},"fnMap":{"0":{"name":"FeatureGate","decl":{"start":{"line":23,"column":16},"end":{"line":23,"column":28}},"loc":{"start":{"line":27,"column":21},"end":{"line":29,"column":null}},"line":27}},"branchMap":{"0":{"loc":{"start":{"line":26,"column":2},"end":{"line":26,"column":null}},"type":"default-arg","locations":[{"start":{"line":26,"column":13},"end":{"line":26,"column":null}}],"line":26},"1":{"loc":{"start":{"line":29,"column":12},"end":{"line":29,"column":45}},"type":"cond-expr","locations":[{"start":{"line":29,"column":22},"end":{"line":29,"column":33}},{"start":{"line":29,"column":33},"end":{"line":29,"column":45}}],"line":29}},"s":{"0":6,"1":6},"f":{"0":6},"b":{"0":[6],"1":[3,3]},"meta":{"lastBranch":2,"lastFunction":1,"lastStatement":2,"seen":{"f:23:16:23:28":0,"b:26:13:26:Infinity":0,"s:28:8:28:31":0,"s:29:2:29:Infinity":1,"b:29:22:29:33:29:33:29:45":1}}}
,"/home/michael/Proj/sinaicamps-marketplace/templates/shop-frontend/src/components/OfflineBanner.tsx": {"path":"/home/michael/Proj/sinaicamps-marketplace/templates/shop-frontend/src/components/OfflineBanner.tsx","statementMap":{"0":{"start":{"line":14,"column":33},"end":{"line":14,"column":69}},"1":{"start":{"line":15,"column":23},"end":{"line":15,"column":53}},"2":{"start":{"line":16,"column":20},"end":{"line":16,"column":51}},"3":{"start":{"line":19,"column":2},"end":{"line":23,"column":null}},"4":{"start":{"line":20,"column":4},"end":{"line":21,"column":null}},"5":{"start":{"line":21,"column":6},"end":{"line":21,"column":null}},"6":{"start":{"line":26,"column":2},"end":{"line":33,"column":null}},"7":{"start":{"line":27,"column":4},"end":{"line":32,"column":null}},"8":{"start":{"line":28,"column":6},"end":{"line":28,"column":null}},"9":{"start":{"line":29,"column":6},"end":{"line":30,"column":null}},"10":{"start":{"line":30,"column":8},"end":{"line":30,"column":null}},"11":{"start":{"line":36,"column":21},"end":{"line":39,"column":null}},"12":{"start":{"line":37,"column":4},"end":{"line":37,"column":null}},"13":{"start":{"line":38,"column":4},"end":{"line":38,"column":null}},"14":{"start":{"line":39,"column":4},"end":{"line":39,"column":null}},"15":{"start":{"line":42,"column":2},"end":{"line":43,"column":null}},"16":{"start":{"line":43,"column":4},"end":{"line":43,"column":null}},"17":{"start":{"line":46,"column":2},"end":{"line":109,"column":null}},"18":{"start":{"line":134,"column":20},"end":{"line":135,"column":null}},"19":{"start":{"line":138,"column":2},"end":{"line":145,"column":null}},"20":{"start":{"line":139,"column":4},"end":{"line":143,"column":null}},"21":{"start":{"line":140,"column":6},"end":{"line":143,"column":null}},"22":{"start":{"line":141,"column":23},"end":{"line":141,"column":55}},"23":{"start":{"line":141,"column":47},"end":{"line":141,"column":55}},"24":{"start":{"line":142,"column":8},"end":{"line":142,"column":null}},"25":{"start":{"line":147,"column":22},"end":{"line":166,"column":null}},"26":{"start":{"line":148,"column":22},"end":{"line":148,"column":58}},"27":{"start":{"line":149,"column":21},"end":{"line":149,"column":55}},"28":{"start":{"line":149,"column":43},"end":{"line":149,"column":55}},"29":{"start":{"line":150,"column":4},"end":{"line":150,"column":null}},"30":{"start":{"line":150,"column":19},"end":{"line":150,"column":null}},"31":{"start":{"line":153,"column":4},"end":{"line":153,"column":null}},"32":{"start":{"line":156,"column":19},"end":{"line":156,"column":44}},"33":{"start":{"line":158,"column":4},"end":{"line":161,"column":null}},"34":{"start":{"line":159,"column":6},"end":{"line":159,"column":null}},"35":{"start":{"line":161,"column":6},"end":{"line":161,"column":null}},"36":{"start":{"line":165,"column":22},"end":{"line":165,"column":58}},"37":{"start":{"line":166,"column":4},"end":{"line":166,"column":null}},"38":{"start":{"line":166,"column":41},"end":{"line":166,"column":49}},"39":{"start":{"line":169,"column":24},"end":{"line":172,"column":null}},"40":{"start":{"line":170,"column":4},"end":{"line":170,"column":null}},"41":{"start":{"line":171,"column":4},"end":{"line":171,"column":null}},"42":{"start":{"line":171,"column":27},"end":{"line":171,"column":58}},"43":{"start":{"line":171,"column":46},"end":{"line":171,"column":58}},"44":{"start":{"line":172,"column":4},"end":{"line":172,"column":null}},"45":{"start":{"line":175,"column":27},"end":{"line":179,"column":null}},"46":{"start":{"line":176,"column":4},"end":{"line":176,"column":null}},"47":{"start":{"line":176,"column":43},"end":{"line":176,"column":76}},"48":{"start":{"line":177,"column":4},"end":{"line":177,"column":null}},"49":{"start":{"line":178,"column":4},"end":{"line":178,"column":null}},"50":{"start":{"line":179,"column":4},"end":{"line":179,"column":null}},"51":{"start":{"line":182,"column":2},"end":{"line":191,"column":null}},"52":{"start":{"line":183,"column":4},"end":{"line":191,"column":null}},"53":{"start":{"line":195,"column":2},"end":{"line":246,"column":null}},"54":{"start":{"line":211,"column":14},"end":{"line":235,"column":null}},"55":{"start":{"line":220,"column":35},"end":{"line":220,"column":59}},"56":{"start":{"line":229,"column":35},"end":{"line":229,"column":61}}},"fnMap":{"0":{"name":"OfflineBanner","decl":{"start":{"line":13,"column":16},"end":{"line":13,"column":32}},"loc":{"start":{"line":13,"column":32},"end":{"line":109,"column":null}},"line":13},"1":{"name":"(anonymous_1)","decl":{"start":{"line":19,"column":2},"end":{"line":19,"column":18}},"loc":{"start":{"line":19,"column":18},"end":{"line":23,"column":6}},"line":19},"2":{"name":"(anonymous_2)","decl":{"start":{"line":26,"column":2},"end":{"line":26,"column":18}},"loc":{"start":{"line":26,"column":18},"end":{"line":33,"column":7}},"line":26},"3":{"name":"(anonymous_3)","decl":{"start":{"line":27,"column":24},"end":{"line":27,"column":32}},"loc":{"start":{"line":27,"column":51},"end":{"line":32,"column":null}},"line":27},"4":{"name":"(anonymous_4)","decl":{"start":{"line":36,"column":21},"end":{"line":36,"column":33}},"loc":{"start":{"line":36,"column":33},"end":{"line":39,"column":null}},"line":36},"5":{"name":"ConflictResolutionDialog","decl":{"start":{"line":127,"column":16},"end":{"line":127,"column":41}},"loc":{"start":{"line":133,"column":3},"end":{"line":246,"column":null}},"line":133},"6":{"name":"(anonymous_6)","decl":{"start":{"line":138,"column":2},"end":{"line":138,"column":18}},"loc":{"start":{"line":138,"column":18},"end":{"line":145,"column":6}},"line":138},"7":{"name":"(anonymous_7)","decl":{"start":{"line":140,"column":37},"end":{"line":140,"column":43}},"loc":{"start":{"line":140,"column":57},"end":{"line":143,"column":null}},"line":140},"8":{"name":"(anonymous_8)","decl":{"start":{"line":141,"column":33},"end":{"line":141,"column":41}},"loc":{"start":{"line":141,"column":47},"end":{"line":141,"column":55}},"line":141},"9":{"name":"(anonymous_9)","decl":{"start":{"line":147,"column":22},"end":{"line":147,"column":29}},"loc":{"start":{"line":147,"column":44},"end":{"line":166,"column":null}},"line":147},"10":{"name":"(anonymous_10)","decl":{"start":{"line":149,"column":31},"end":{"line":149,"column":37}},"loc":{"start":{"line":149,"column":43},"end":{"line":149,"column":55}},"line":149},"11":{"name":"(anonymous_11)","decl":{"start":{"line":166,"column":27},"end":{"line":166,"column":35}},"loc":{"start":{"line":166,"column":41},"end":{"line":166,"column":49}},"line":166},"12":{"name":"(anonymous_12)","decl":{"start":{"line":169,"column":24},"end":{"line":169,"column":31}},"loc":{"start":{"line":169,"column":46},"end":{"line":172,"column":null}},"line":169},"13":{"name":"(anonymous_13)","decl":{"start":{"line":171,"column":4},"end":{"line":171,"column":18}},"loc":{"start":{"line":171,"column":27},"end":{"line":171,"column":58}},"line":171},"14":{"name":"(anonymous_14)","decl":{"start":{"line":171,"column":32},"end":{"line":171,"column":40}},"loc":{"start":{"line":171,"column":46},"end":{"line":171,"column":58}},"line":171},"15":{"name":"(anonymous_15)","decl":{"start":{"line":175,"column":27},"end":{"line":175,"column":39}},"loc":{"start":{"line":175,"column":39},"end":{"line":179,"column":null}},"line":175},"16":{"name":"(anonymous_16)","decl":{"start":{"line":176,"column":32},"end":{"line":176,"column":37}},"loc":{"start":{"line":176,"column":43},"end":{"line":176,"column":76}},"line":176},"17":{"name":"(anonymous_17)","decl":{"start":{"line":210,"column":23},"end":{"line":210,"column":28}},"loc":{"start":{"line":211,"column":14},"end":{"line":235,"column":null}},"line":211},"18":{"name":"(anonymous_18)","decl":{"start":{"line":220,"column":20},"end":{"line":220,"column":35}},"loc":{"start":{"line":220,"column":35},"end":{"line":220,"column":59}},"line":220},"19":{"name":"(anonymous_19)","decl":{"start":{"line":229,"column":20},"end":{"line":229,"column":35}},"loc":{"start":{"line":229,"column":35},"end":{"line":229,"column":61}},"line":229}},"branchMap":{"0":{"loc":{"start":{"line":20,"column":4},"end":{"line":21,"column":null}},"type":"if","locations":[{"start":{"line":20,"column":4},"end":{"line":21,"column":null}},{"start":{},"end":{}}],"line":20},"1":{"loc":{"start":{"line":29,"column":6},"end":{"line":30,"column":null}},"type":"if","locations":[{"start":{"line":29,"column":6},"end":{"line":30,"column":null}},{"start":{},"end":{}}],"line":29},"2":{"loc":{"start":{"line":29,"column":10},"end":{"line":29,"column":51}},"type":"binary-expr","locations":[{"start":{"line":29,"column":10},"end":{"line":29,"column":31}},{"start":{"line":29,"column":31},"end":{"line":29,"column":51}}],"line":29},"3":{"loc":{"start":{"line":42,"column":2},"end":{"line":43,"column":null}},"type":"if","locations":[{"start":{"line":42,"column":2},"end":{"line":43,"column":null}},{"start":{},"end":{}}],"line":42},"4":{"loc":{"start":{"line":42,"column":6},"end":{"line":42,"column":55}},"type":"binary-expr","locations":[{"start":{"line":42,"column":6},"end":{"line":42,"column":21}},{"start":{"line":42,"column":21},"end":{"line":42,"column":35}},{"start":{"line":42,"column":35},"end":{"line":42,"column":55}}],"line":42},"5":{"loc":{"start":{"line":50,"column":8},"end":{"line":54,"column":null}},"type":"cond-expr","locations":[{"start":{"line":51,"column":12},"end":{"line":51,"column":null}},{"start":{"line":52,"column":12},"end":{"line":54,"column":null}}],"line":50},"6":{"loc":{"start":{"line":52,"column":12},"end":{"line":54,"column":null}},"type":"cond-expr","locations":[{"start":{"line":53,"column":14},"end":{"line":53,"column":null}},{"start":{"line":54,"column":14},"end":{"line":54,"column":null}}],"line":52},"7":{"loc":{"start":{"line":59,"column":11},"end":{"line":78,"column":null}},"type":"cond-expr","locations":[{"start":{"line":60,"column":12},"end":{"line":68,"column":null}},{"start":{"line":69,"column":14},"end":{"line":78,"column":null}}],"line":59},"8":{"loc":{"start":{"line":63,"column":15},"end":{"line":65,"column":null}},"type":"binary-expr","locations":[{"start":{"line":63,"column":15},"end":{"line":63,"column":null}},{"start":{"line":64,"column":16},"end":{"line":65,"column":null}}],"line":63},"9":{"loc":{"start":{"line":69,"column":14},"end":{"line":78,"column":null}},"type":"cond-expr","locations":[{"start":{"line":70,"column":12},"end":{"line":73,"column":null}},{"start":{"line":75,"column":12},"end":{"line":78,"column":null}}],"line":69},"10":{"loc":{"start":{"line":83,"column":11},"end":{"line":96,"column":12}},"type":"binary-expr","locations":[{"start":{"line":83,"column":11},"end":{"line":83,"column":31}},{"start":{"line":83,"column":31},"end":{"line":83,"column":null}},{"start":{"line":84,"column":12},"end":{"line":96,"column":12}}],"line":83},"11":{"loc":{"start":{"line":91,"column":50},"end":{"line":91,"column":78}},"type":"binary-expr","locations":[{"start":{"line":91,"column":50},"end":{"line":91,"column":63}},{"start":{"line":91,"column":63},"end":{"line":91,"column":78}}],"line":91},"12":{"loc":{"start":{"line":92,"column":15},"end":{"line":92,"column":null}},"type":"cond-expr","locations":[{"start":{"line":92,"column":27},"end":{"line":92,"column":42}},{"start":{"line":92,"column":42},"end":{"line":92,"column":null}}],"line":92},"13":{"loc":{"start":{"line":96,"column":11},"end":{"line":105,"column":null}},"type":"binary-expr","locations":[{"start":{"line":96,"column":11},"end":{"line":96,"column":null}},{"start":{"line":97,"column":12},"end":{"line":105,"column":null}}],"line":96},"14":{"loc":{"start":{"line":139,"column":4},"end":{"line":143,"column":null}},"type":"if","locations":[{"start":{"line":139,"column":4},"end":{"line":143,"column":null}},{"start":{},"end":{}}],"line":139},"15":{"loc":{"start":{"line":150,"column":4},"end":{"line":150,"column":null}},"type":"if","locations":[{"start":{"line":150,"column":4},"end":{"line":150,"column":null}},{"start":{},"end":{}}],"line":150},"16":{"loc":{"start":{"line":158,"column":4},"end":{"line":161,"column":null}},"type":"if","locations":[{"start":{"line":158,"column":4},"end":{"line":161,"column":null}},{"start":{"line":160,"column":11},"end":{"line":161,"column":null}}],"line":158},"17":{"loc":{"start":{"line":182,"column":2},"end":{"line":191,"column":null}},"type":"if","locations":[{"start":{"line":182,"column":2},"end":{"line":191,"column":null}},{"start":{},"end":{}}],"line":182},"18":{"loc":{"start":{"line":182,"column":6},"end":{"line":182,"column":38}},"type":"binary-expr","locations":[{"start":{"line":182,"column":6},"end":{"line":182,"column":32}},{"start":{"line":182,"column":32},"end":{"line":182,"column":38}}],"line":182},"19":{"loc":{"start":{"line":240,"column":9},"end":{"line":243,"column":null}},"type":"binary-expr","locations":[{"start":{"line":240,"column":9},"end":{"line":240,"column":null}},{"start":{"line":241,"column":10},"end":{"line":243,"column":null}}],"line":240}},"s":{"0":20,"1":20,"2":20,"3":20,"4":10,"5":8,"6":20,"7":10,"8":2,"9":2,"10":1,"11":20,"12":1,"13":1,"14":1,"15":20,"16":2,"17":17,"18":12,"19":12,"20":4,"21":4,"22":4,"23":4,"24":4,"25":12,"26":1,"27":1,"28":1,"29":1,"30":0,"31":1,"32":1,"33":1,"34":1,"35":0,"36":1,"37":1,"38":1,"39":12,"40":1,"41":1,"42":1,"43":1,"44":1,"45":12,"46":1,"47":2,"48":1,"49":1,"50":1,"51":12,"52":7,"53":4,"54":5,"55":1,"56":1},"f":{"0":20,"1":10,"2":10,"3":2,"4":1,"5":12,"6":4,"7":4,"8":4,"9":1,"10":1,"11":1,"12":1,"13":1,"14":1,"15":1,"16":2,"17":5,"18":1,"19":1},"b":{"0":[8,2],"1":[1,1],"2":[2,1],"3":[2,18],"4":[20,2,2],"5":[4,13],"6":[8,5],"7":[4,13],"8":[4,1],"9":[8,5],"10":[20,9,8],"11":[8,2],"12":[2,6],"13":[20,13],"14":[4,0],"15":[0,1],"16":[1,0],"17":[7,5],"18":[12,7],"19":[4,1]},"meta":{"lastBranch":20,"lastFunction":20,"lastStatement":57,"seen":{"f:13:16:13:32":0,"s:14:33:14:69":0,"s:15:23:15:53":1,"s:16:20:16:51":2,"s:19:2:23:Infinity":3,"f:19:2:19:18":1,"b:20:4:21:Infinity:undefined:undefined:undefined:undefined":0,"s:20:4:21:Infinity":4,"s:21:6:21:Infinity":5,"s:26:2:33:Infinity":6,"f:26:2:26:18":2,"s:27:4:32:Infinity":7,"f:27:24:27:32":3,"s:28:6:28:Infinity":8,"b:29:6:30:Infinity:undefined:undefined:undefined:undefined":1,"s:29:6:30:Infinity":9,"b:29:10:29:31:29:31:29:51":2,"s:30:8:30:Infinity":10,"s:36:21:39:Infinity":11,"f:36:21:36:33":4,"s:37:4:37:Infinity":12,"s:38:4:38:Infinity":13,"s:39:4:39:Infinity":14,"b:42:2:43:Infinity:undefined:undefined:undefined:undefined":3,"s:42:2:43:Infinity":15,"b:42:6:42:21:42:21:42:35:42:35:42:55":4,"s:43:4:43:Infinity":16,"s:46:2:109:Infinity":17,"b:51:12:51:Infinity:52:12:54:Infinity":5,"b:53:14:53:Infinity:54:14:54:Infinity":6,"b:60:12:68:Infinity:69:14:78:Infinity":7,"b:63:15:63:Infinity:64:16:65:Infinity":8,"b:70:12:73:Infinity:75:12:78:Infinity":9,"b:83:11:83:31:83:31:83:Infinity:84:12:96:12":10,"b:91:50:91:63:91:63:91:78":11,"b:92:27:92:42:92:42:92:Infinity":12,"b:96:11:96:Infinity:97:12:105:Infinity":13,"f:127:16:127:41":5,"s:134:20:135:Infinity":18,"s:138:2:145:Infinity":19,"f:138:2:138:18":6,"b:139:4:143:Infinity:undefined:undefined:undefined:undefined":14,"s:139:4:143:Infinity":20,"s:140:6:143:Infinity":21,"f:140:37:140:43":7,"s:141:23:141:55":22,"f:141:33:141:41":8,"s:141:47:141:55":23,"s:142:8:142:Infinity":24,"s:147:22:166:Infinity":25,"f:147:22:147:29":9,"s:148:22:148:58":26,"s:149:21:149:55":27,"f:149:31:149:37":10,"s:149:43:149:55":28,"b:150:4:150:Infinity:undefined:undefined:undefined:undefined":15,"s:150:4:150:Infinity":29,"s:150:19:150:Infinity":30,"s:153:4:153:Infinity":31,"s:156:19:156:44":32,"b:158:4:161:Infinity:160:11:161:Infinity":16,"s:158:4:161:Infinity":33,"s:159:6:159:Infinity":34,"s:161:6:161:Infinity":35,"s:165:22:165:58":36,"s:166:4:166:Infinity":37,"f:166:27:166:35":11,"s:166:41:166:49":38,"s:169:24:172:Infinity":39,"f:169:24:169:31":12,"s:170:4:170:Infinity":40,"s:171:4:171:Infinity":41,"f:171:4:171:18":13,"s:171:27:171:58":42,"f:171:32:171:40":14,"s:171:46:171:58":43,"s:172:4:172:Infinity":44,"s:175:27:179:Infinity":45,"f:175:27:175:39":15,"s:176:4:176:Infinity":46,"f:176:32:176:37":16,"s:176:43:176:76":47,"s:177:4:177:Infinity":48,"s:178:4:178:Infinity":49,"s:179:4:179:Infinity":50,"b:182:2:191:Infinity:undefined:undefined:undefined:undefined":17,"s:182:2:191:Infinity":51,"b:182:6:182:32:182:32:182:38":18,"s:183:4:191:Infinity":52,"s:195:2:246:Infinity":53,"f:210:23:210:28":17,"s:211:14:235:Infinity":54,"f:220:20:220:35":18,"s:220:35:220:59":55,"f:229:20:229:35":19,"s:229:35:229:61":56,"b:240:9:240:Infinity:241:10:243:Infinity":19}}}
,"/home/michael/Proj/sinaicamps-marketplace/templates/shop-frontend/src/components/PluginSlot.tsx": {"path":"/home/michael/Proj/sinaicamps-marketplace/templates/shop-frontend/src/components/PluginSlot.tsx","statementMap":{"0":{"start":{"line":35,"column":6},"end":{"line":35,"column":60}},"1":{"start":{"line":37,"column":36},"end":{"line":41,"column":null}},"2":{"start":{"line":39,"column":2},"end":{"line":39,"column":null}},"3":{"start":{"line":40,"column":20},"end":{"line":40,"column":null}},"4":{"start":{"line":44,"column":8},"end":{"line":44,"column":37}},"5":{"start":{"line":45,"column":2},"end":{"line":47,"column":null}},"6":{"start":{"line":46,"column":4},"end":{"line":46,"column":null}},"7":{"start":{"line":46,"column":41},"end":{"line":46,"column":null}},"8":{"start":{"line":47,"column":4},"end":{"line":47,"column":null}},"9":{"start":{"line":49,"column":2},"end":{"line":49,"column":null}},"10":{"start":{"line":59,"column":12},"end":{"line":59,"column":38}},"11":{"start":{"line":60,"column":21},"end":{"line":60,"column":70}},"12":{"start":{"line":62,"column":8},"end":{"line":79,"column":null}},"13":{"start":{"line":64,"column":19},"end":{"line":64,"column":57}},"14":{"start":{"line":65,"column":31},"end":{"line":65,"column":null}},"15":{"start":{"line":66,"column":6},"end":{"line":66,"column":null}},"16":{"start":{"line":67,"column":6},"end":{"line":67,"column":null}},"17":{"start":{"line":68,"column":6},"end":{"line":68,"column":null}},"18":{"start":{"line":68,"column":25},"end":{"line":68,"column":31}},"19":{"start":{"line":70,"column":6},"end":{"line":76,"column":null}},"20":{"start":{"line":71,"column":24},"end":{"line":71,"column":62}},"21":{"start":{"line":72,"column":8},"end":{"line":75,"column":null}},"22":{"start":{"line":74,"column":32},"end":{"line":74,"column":44}},"23":{"start":{"line":76,"column":8},"end":{"line":76,"column":null}},"24":{"start":{"line":76,"column":27},"end":{"line":76,"column":33}},"25":{"start":{"line":82,"column":8},"end":{"line":84,"column":8}},"26":{"start":{"line":83,"column":4},"end":{"line":83,"column":null}},"27":{"start":{"line":86,"column":33},"end":{"line":88,"column":null}},"28":{"start":{"line":87,"column":11},"end":{"line":87,"column":null}},"29":{"start":{"line":91,"column":2},"end":{"line":91,"column":null}},"30":{"start":{"line":106,"column":4},"end":{"line":106,"column":null}},"31":{"start":{"line":107,"column":4},"end":{"line":107,"column":null}},"32":{"start":{"line":111,"column":4},"end":{"line":111,"column":null}},"33":{"start":{"line":115,"column":4},"end":{"line":119,"column":null}},"34":{"start":{"line":123,"column":4},"end":{"line":131,"column":null}},"35":{"start":{"line":124,"column":6},"end":{"line":131,"column":null}},"36":{"start":{"line":136,"column":4},"end":{"line":136,"column":null}},"37":{"start":{"line":155,"column":6},"end":{"line":155,"column":null}},"38":{"start":{"line":155,"column":30},"end":{"line":155,"column":null}},"39":{"start":{"line":175,"column":10},"end":{"line":175,"column":42}},"40":{"start":{"line":176,"column":23},"end":{"line":176,"column":40}},"41":{"start":{"line":179,"column":23},"end":{"line":179,"column":52}},"42":{"start":{"line":182,"column":21},"end":{"line":182,"column":50}},"43":{"start":{"line":183,"column":24},"end":{"line":192,"column":20}},"44":{"start":{"line":185,"column":24},"end":{"line":185,"column":54}},"45":{"start":{"line":186,"column":6},"end":{"line":188,"column":null}},"46":{"start":{"line":187,"column":8},"end":{"line":187,"column":null}},"47":{"start":{"line":188,"column":8},"end":{"line":188,"column":null}},"48":{"start":{"line":190,"column":6},"end":{"line":190,"column":null}},"49":{"start":{"line":195,"column":21},"end":{"line":195,"column":56}},"50":{"start":{"line":197,"column":2},"end":{"line":197,"column":null}},"51":{"start":{"line":197,"column":31},"end":{"line":197,"column":null}},"52":{"start":{"line":199,"column":19},"end":{"line":199,"column":null}},"53":{"start":{"line":201,"column":2},"end":{"line":217,"column":null}},"54":{"start":{"line":204,"column":46},"end":{"line":204,"column":null}},"55":{"start":{"line":205,"column":8},"end":{"line":214,"column":null}},"56":{"start":{"line":237,"column":23},"end":{"line":237,"column":40}},"57":{"start":{"line":238,"column":2},"end":{"line":241,"column":null}},"58":{"start":{"line":239,"column":20},"end":{"line":239,"column":59}},"59":{"start":{"line":240,"column":4},"end":{"line":240,"column":null}},"60":{"start":{"line":247,"column":26},"end":{"line":254,"column":null}}},"fnMap":{"0":{"name":"(anonymous_0)","decl":{"start":{"line":39,"column":2},"end":{"line":39,"column":24}},"loc":{"start":{"line":39,"column":2},"end":{"line":39,"column":null}},"line":39},"1":{"name":"(anonymous_1)","decl":{"start":{"line":40,"column":2},"end":{"line":40,"column":20}},"loc":{"start":{"line":40,"column":20},"end":{"line":40,"column":null}},"line":40},"2":{"name":"useSlotRegistry","decl":{"start":{"line":43,"column":9},"end":{"line":43,"column":41}},"loc":{"start":{"line":43,"column":41},"end":{"line":49,"column":null}},"line":43},"3":{"name":"PluginSlotProvider","decl":{"start":{"line":58,"column":16},"end":{"line":58,"column":35}},"loc":{"start":{"line":58,"column":80},"end":{"line":91,"column":null}},"line":58},"4":{"name":"(anonymous_4)","decl":{"start":{"line":62,"column":19},"end":{"line":62,"column":null}},"loc":{"start":{"line":63,"column":88},"end":{"line":79,"column":6}},"line":63},"5":{"name":"(anonymous_5)","decl":{"start":{"line":68,"column":6},"end":{"line":68,"column":19}},"loc":{"start":{"line":68,"column":25},"end":{"line":68,"column":31}},"line":68},"6":{"name":"(anonymous_6)","decl":{"start":{"line":70,"column":6},"end":{"line":70,"column":19}},"loc":{"start":{"line":70,"column":19},"end":{"line":76,"column":null}},"line":70},"7":{"name":"(anonymous_7)","decl":{"start":{"line":74,"column":18},"end":{"line":74,"column":26}},"loc":{"start":{"line":74,"column":32},"end":{"line":74,"column":44}},"line":74},"8":{"name":"(anonymous_8)","decl":{"start":{"line":76,"column":8},"end":{"line":76,"column":21}},"loc":{"start":{"line":76,"column":27},"end":{"line":76,"column":33}},"line":76},"9":{"name":"(anonymous_9)","decl":{"start":{"line":82,"column":21},"end":{"line":82,"column":34}},"loc":{"start":{"line":82,"column":68},"end":{"line":84,"column":7}},"line":82},"10":{"name":"(anonymous_10)","decl":{"start":{"line":86,"column":39},"end":{"line":86,"column":null}},"loc":{"start":{"line":87,"column":11},"end":{"line":87,"column":null}},"line":87},"11":{"name":"(anonymous_11)","decl":{"start":{"line":105,"column":2},"end":{"line":105,"column":14}},"loc":{"start":{"line":105,"column":26},"end":{"line":107,"column":null}},"line":105},"12":{"name":"(anonymous_12)","decl":{"start":{"line":110,"column":9},"end":{"line":110,"column":34}},"loc":{"start":{"line":110,"column":74},"end":{"line":111,"column":null}},"line":110},"13":{"name":"(anonymous_13)","decl":{"start":{"line":114,"column":2},"end":{"line":114,"column":20}},"loc":{"start":{"line":114,"column":51},"end":{"line":119,"column":null}},"line":114},"14":{"name":"(anonymous_14)","decl":{"start":{"line":122,"column":2},"end":{"line":122,"column":11}},"loc":{"start":{"line":122,"column":11},"end":{"line":136,"column":null}},"line":122},"15":{"name":"(anonymous_15)","decl":{"start":{"line":155,"column":6},"end":{"line":155,"column":30}},"loc":{"start":{"line":155,"column":30},"end":{"line":155,"column":null}},"line":155},"16":{"name":"PluginSlot","decl":{"start":{"line":168,"column":16},"end":{"line":168,"column":27}},"loc":{"start":{"line":174,"column":20},"end":{"line":217,"column":null}},"line":174},"17":{"name":"(anonymous_17)","decl":{"start":{"line":184,"column":5},"end":{"line":184,"column":10}},"loc":{"start":{"line":184,"column":18},"end":{"line":191,"column":null}},"line":184},"18":{"name":"(anonymous_18)","decl":{"start":{"line":203,"column":18},"end":{"line":203,"column":23}},"loc":{"start":{"line":203,"column":36},"end":{"line":214,"column":null}},"line":203},"19":{"name":"usePluginSlot","decl":{"start":{"line":232,"column":16},"end":{"line":232,"column":null}},"loc":{"start":{"line":236,"column":8},"end":{"line":241,"column":null}},"line":236},"20":{"name":"(anonymous_20)","decl":{"start":{"line":238,"column":8},"end":{"line":238,"column":24}},"loc":{"start":{"line":238,"column":24},"end":{"line":241,"column":6}},"line":238}},"branchMap":{"0":{"loc":{"start":{"line":45,"column":2},"end":{"line":47,"column":null}},"type":"if","locations":[{"start":{"line":45,"column":2},"end":{"line":47,"column":null}},{"start":{},"end":{}}],"line":45},"1":{"loc":{"start":{"line":46,"column":4},"end":{"line":46,"column":null}},"type":"if","locations":[{"start":{"line":46,"column":4},"end":{"line":46,"column":null}},{"start":{},"end":{}}],"line":46},"2":{"loc":{"start":{"line":63,"column":49},"end":{"line":63,"column":88}},"type":"default-arg","locations":[{"start":{"line":63,"column":60},"end":{"line":63,"column":88}}],"line":63},"3":{"loc":{"start":{"line":64,"column":19},"end":{"line":64,"column":57}},"type":"binary-expr","locations":[{"start":{"line":64,"column":19},"end":{"line":64,"column":51}},{"start":{"line":64,"column":55},"end":{"line":64,"column":57}}],"line":64},"4":{"loc":{"start":{"line":71,"column":24},"end":{"line":71,"column":62}},"type":"binary-expr","locations":[{"start":{"line":71,"column":24},"end":{"line":71,"column":56}},{"start":{"line":71,"column":60},"end":{"line":71,"column":62}}],"line":71},"5":{"loc":{"start":{"line":83,"column":11},"end":{"line":83,"column":49}},"type":"binary-expr","locations":[{"start":{"line":83,"column":11},"end":{"line":83,"column":43}},{"start":{"line":83,"column":47},"end":{"line":83,"column":49}}],"line":83},"6":{"loc":{"start":{"line":123,"column":4},"end":{"line":131,"column":null}},"type":"if","locations":[{"start":{"line":123,"column":4},"end":{"line":131,"column":null}},{"start":{},"end":{}}],"line":123},"7":{"loc":{"start":{"line":130,"column":11},"end":{"line":131,"column":null}},"type":"binary-expr","locations":[{"start":{"line":130,"column":11},"end":{"line":130,"column":null}},{"start":{"line":131,"column":12},"end":{"line":131,"column":null}}],"line":130},"8":{"loc":{"start":{"line":170,"column":2},"end":{"line":170,"column":12}},"type":"default-arg","locations":[{"start":{"line":170,"column":10},"end":{"line":170,"column":12}}],"line":170},"9":{"loc":{"start":{"line":171,"column":2},"end":{"line":171,"column":null}},"type":"default-arg","locations":[{"start":{"line":171,"column":13},"end":{"line":171,"column":null}}],"line":171},"10":{"loc":{"start":{"line":182,"column":21},"end":{"line":182,"column":50}},"type":"binary-expr","locations":[{"start":{"line":182,"column":21},"end":{"line":182,"column":48}},{"start":{"line":182,"column":48},"end":{"line":182,"column":50}}],"line":182},"11":{"loc":{"start":{"line":186,"column":6},"end":{"line":188,"column":null}},"type":"if","locations":[{"start":{"line":186,"column":6},"end":{"line":188,"column":null}},{"start":{},"end":{}}],"line":186},"12":{"loc":{"start":{"line":197,"column":2},"end":{"line":197,"column":null}},"type":"if","locations":[{"start":{"line":197,"column":2},"end":{"line":197,"column":null}},{"start":{},"end":{}}],"line":197},"13":{"loc":{"start":{"line":199,"column":19},"end":{"line":199,"column":null}},"type":"binary-expr","locations":[{"start":{"line":199,"column":19},"end":{"line":199,"column":38}},{"start":{"line":199,"column":38},"end":{"line":199,"column":null}}],"line":199},"14":{"loc":{"start":{"line":235,"column":2},"end":{"line":235,"column":null}},"type":"default-arg","locations":[{"start":{"line":235,"column":13},"end":{"line":235,"column":null}}],"line":235}},"s":{"0":4,"1":4,"2":1,"3":3,"4":46,"5":46,"6":4,"7":4,"8":0,"9":42,"10":76,"11":76,"12":76,"13":8,"14":8,"15":8,"16":8,"17":8,"18":8,"19":8,"20":8,"21":8,"22":9,"23":8,"24":2,"25":76,"26":25,"27":76,"28":72,"29":76,"30":12,"31":12,"32":2,"33":1,"34":14,"35":2,"36":12,"37":4,"38":0,"39":29,"40":29,"41":29,"42":29,"43":29,"44":4,"45":4,"46":2,"47":2,"48":2,"49":29,"50":29,"51":18,"52":10,"53":29,"54":12,"55":12,"56":18,"57":18,"58":9,"59":9,"60":4},"f":{"0":2,"1":3,"2":46,"3":76,"4":8,"5":8,"6":8,"7":9,"8":2,"9":25,"10":72,"11":12,"12":4,"13":1,"14":14,"15":0,"16":29,"17":4,"18":12,"19":18,"20":9},"b":{"0":[4,42],"1":[4,0],"2":[8],"3":[8,7],"4":[8,0],"5":[25,15],"6":[2,12],"7":[2,2],"8":[29],"9":[29],"10":[29,24],"11":[2,2],"12":[18,11],"13":[10,10],"14":[18]},"meta":{"lastBranch":15,"lastFunction":21,"lastStatement":61,"seen":{"s:35:6:35:60":0,"s:37:36:41:Infinity":1,"f:39:2:39:24":0,"s:39:2:39:Infinity":2,"f:40:2:40:20":1,"s:40:20:40:Infinity":3,"f:43:9:43:41":2,"s:44:8:44:37":4,"b:45:2:47:Infinity:undefined:undefined:undefined:undefined":0,"s:45:2:47:Infinity":5,"b:46:4:46:Infinity:undefined:undefined:undefined:undefined":1,"s:46:4:46:Infinity":6,"s:46:41:46:Infinity":7,"s:47:4:47:Infinity":8,"s:49:2:49:Infinity":9,"f:58:16:58:35":3,"s:59:12:59:38":10,"s:60:21:60:70":11,"s:62:8:79:Infinity":12,"f:62:19:62:Infinity":4,"b:63:60:63:88":2,"s:64:19:64:57":13,"b:64:19:64:51:64:55:64:57":3,"s:65:31:65:Infinity":14,"s:66:6:66:Infinity":15,"s:67:6:67:Infinity":16,"s:68:6:68:Infinity":17,"f:68:6:68:19":5,"s:68:25:68:31":18,"s:70:6:76:Infinity":19,"f:70:6:70:19":6,"s:71:24:71:62":20,"b:71:24:71:56:71:60:71:62":4,"s:72:8:75:Infinity":21,"f:74:18:74:26":7,"s:74:32:74:44":22,"s:76:8:76:Infinity":23,"f:76:8:76:21":8,"s:76:27:76:33":24,"s:82:8:84:8":25,"f:82:21:82:34":9,"s:83:4:83:Infinity":26,"b:83:11:83:43:83:47:83:49":5,"s:86:33:88:Infinity":27,"f:86:39:86:Infinity":10,"s:87:11:87:Infinity":28,"s:91:2:91:Infinity":29,"f:105:2:105:14":11,"s:106:4:106:Infinity":30,"s:107:4:107:Infinity":31,"f:110:9:110:34":12,"s:111:4:111:Infinity":32,"f:114:2:114:20":13,"s:115:4:119:Infinity":33,"f:122:2:122:11":14,"b:123:4:131:Infinity:undefined:undefined:undefined:undefined":6,"s:123:4:131:Infinity":34,"s:124:6:131:Infinity":35,"b:130:11:130:Infinity:131:12:131:Infinity":7,"s:136:4:136:Infinity":36,"s:155:6:155:Infinity":37,"f:155:6:155:30":15,"s:155:30:155:Infinity":38,"f:168:16:168:27":16,"b:170:10:170:12":8,"b:171:13:171:Infinity":9,"s:175:10:175:42":39,"s:176:23:176:40":40,"s:179:23:179:52":41,"s:182:21:182:50":42,"b:182:21:182:48:182:48:182:50":10,"s:183:24:192:20":43,"f:184:5:184:10":17,"s:185:24:185:54":44,"b:186:6:188:Infinity:undefined:undefined:undefined:undefined":11,"s:186:6:188:Infinity":45,"s:187:8:187:Infinity":46,"s:188:8:188:Infinity":47,"s:190:6:190:Infinity":48,"s:195:21:195:56":49,"b:197:2:197:Infinity:undefined:undefined:undefined:undefined":12,"s:197:2:197:Infinity":50,"s:197:31:197:Infinity":51,"s:199:19:199:Infinity":52,"b:199:19:199:38:199:38:199:Infinity":13,"s:201:2:217:Infinity":53,"f:203:18:203:23":18,"s:204:46:204:Infinity":54,"s:205:8:214:Infinity":55,"f:232:16:232:Infinity":19,"b:235:13:235:Infinity":14,"s:237:23:237:40":56,"s:238:2:241:Infinity":57,"f:238:8:238:24":20,"s:239:20:239:59":58,"s:240:4:240:Infinity":59,"s:247:26:254:Infinity":60}}}
,"/home/michael/Proj/sinaicamps-marketplace/templates/shop-frontend/src/components/plugin/PluginCrudPage.tsx": {"path":"/home/michael/Proj/sinaicamps-marketplace/templates/shop-frontend/src/components/plugin/PluginCrudPage.tsx","statementMap":{"0":{"start":{"line":66,"column":22},"end":{"line":66,"column":66}},"1":{"start":{"line":69,"column":2},"end":{"line":69,"column":null}},"2":{"start":{"line":69,"column":41},"end":{"line":69,"column":null}},"3":{"start":{"line":70,"column":2},"end":{"line":70,"column":null}},"4":{"start":{"line":70,"column":32},"end":{"line":70,"column":null}},"5":{"start":{"line":71,"column":2},"end":{"line":72,"column":null}},"6":{"start":{"line":72,"column":4},"end":{"line":72,"column":null}},"7":{"start":{"line":74,"column":2},"end":{"line":74,"column":null}},"8":{"start":{"line":74,"column":31},"end":{"line":74,"column":null}},"9":{"start":{"line":75,"column":2},"end":{"line":75,"column":null}},"10":{"start":{"line":79,"column":2},"end":{"line":79,"column":null}},"11":{"start":{"line":79,"column":56},"end":{"line":79,"column":71}},"12":{"start":{"line":97,"column":15},"end":{"line":97,"column":64}},"13":{"start":{"line":98,"column":23},"end":{"line":98,"column":67}},"14":{"start":{"line":98,"column":45},"end":{"line":98,"column":66}},"15":{"start":{"line":100,"column":2},"end":{"line":120,"column":null}},"16":{"start":{"line":103,"column":8},"end":{"line":112,"column":null}},"17":{"start":{"line":108,"column":14},"end":{"line":108,"column":69}},"18":{"start":{"line":108,"column":33},"end":{"line":108,"column":69}},"19":{"start":{"line":118,"column":31},"end":{"line":118,"column":45}},"20":{"start":{"line":137,"column":8},"end":{"line":137,"column":29}},"21":{"start":{"line":138,"column":15},"end":{"line":138,"column":37}},"22":{"start":{"line":139,"column":20},"end":{"line":139,"column":76}},"23":{"start":{"line":140,"column":18},"end":{"line":140,"column":74}},"24":{"start":{"line":141,"column":23},"end":{"line":141,"column":71}},"25":{"start":{"line":143,"column":18},"end":{"line":143,"column":null}},"26":{"start":{"line":144,"column":15},"end":{"line":144,"column":null}},"27":{"start":{"line":146,"column":16},"end":{"line":149,"column":4}},"28":{"start":{"line":148,"column":19},"end":{"line":148,"column":null}},"29":{"start":{"line":148,"column":75},"end":{"line":148,"column":null}},"30":{"start":{"line":151,"column":8},"end":{"line":153,"column":null}},"31":{"start":{"line":152,"column":10},"end":{"line":152,"column":86}},"32":{"start":{"line":156,"column":8},"end":{"line":160,"column":4}},"33":{"start":{"line":157,"column":47},"end":{"line":157,"column":70}},"34":{"start":{"line":158,"column":23},"end":{"line":158,"column":53}},"35":{"start":{"line":158,"column":53},"end":{"line":158,"column":73}},"36":{"start":{"line":158,"column":73},"end":{"line":158,"column":null}},"37":{"start":{"line":159,"column":25},"end":{"line":159,"column":null}},"38":{"start":{"line":162,"column":8},"end":{"line":167,"column":4}},"39":{"start":{"line":164,"column":6},"end":{"line":164,"column":39}},"40":{"start":{"line":165,"column":23},"end":{"line":165,"column":53}},"41":{"start":{"line":165,"column":53},"end":{"line":165,"column":73}},"42":{"start":{"line":165,"column":73},"end":{"line":165,"column":91}},"43":{"start":{"line":165,"column":91},"end":{"line":165,"column":null}},"44":{"start":{"line":166,"column":25},"end":{"line":166,"column":null}},"45":{"start":{"line":169,"column":8},"end":{"line":173,"column":4}},"46":{"start":{"line":170,"column":32},"end":{"line":170,"column":62}},"47":{"start":{"line":171,"column":23},"end":{"line":171,"column":53}},"48":{"start":{"line":171,"column":53},"end":{"line":171,"column":76}},"49":{"start":{"line":171,"column":76},"end":{"line":171,"column":null}},"50":{"start":{"line":172,"column":25},"end":{"line":172,"column":null}},"51":{"start":{"line":175,"column":22},"end":{"line":175,"column":66}},"52":{"start":{"line":175,"column":44},"end":{"line":175,"column":65}},"53":{"start":{"line":176,"column":21},"end":{"line":176,"column":null}},"54":{"start":{"line":178,"column":2},"end":{"line":356,"column":null}},"55":{"start":{"line":195,"column":29},"end":{"line":195,"column":47}},"56":{"start":{"line":195,"column":47},"end":{"line":195,"column":null}},"57":{"start":{"line":208,"column":14},"end":{"line":208,"column":null}},"58":{"start":{"line":219,"column":33},"end":{"line":219,"column":51}},"59":{"start":{"line":219,"column":51},"end":{"line":219,"column":null}},"60":{"start":{"line":230,"column":18},"end":{"line":230,"column":null}},"61":{"start":{"line":239,"column":16},"end":{"line":273,"column":null}},"62":{"start":{"line":241,"column":20},"end":{"line":247,"column":null}},"63":{"start":{"line":256,"column":43},"end":{"line":256,"column":60}},"64":{"start":{"line":256,"column":60},"end":{"line":256,"column":null}},"65":{"start":{"line":266,"column":41},"end":{"line":266,"column":64}},"66":{"start":{"line":292,"column":29},"end":{"line":292,"column":50}},"67":{"start":{"line":292,"column":44},"end":{"line":292,"column":50}},"68":{"start":{"line":301,"column":29},"end":{"line":301,"column":50}},"69":{"start":{"line":301,"column":44},"end":{"line":301,"column":50}},"70":{"start":{"line":310,"column":61},"end":{"line":310,"column":85}},"71":{"start":{"line":324,"column":30},"end":{"line":324,"column":50}},"72":{"start":{"line":324,"column":50},"end":{"line":324,"column":null}},"73":{"start":{"line":326,"column":14},"end":{"line":329,"column":null}},"74":{"start":{"line":327,"column":16},"end":{"line":327,"column":null}},"75":{"start":{"line":328,"column":25},"end":{"line":329,"column":null}},"76":{"start":{"line":329,"column":16},"end":{"line":329,"column":null}},"77":{"start":{"line":337,"column":64},"end":{"line":337,"column":91}},"78":{"start":{"line":344,"column":53},"end":{"line":344,"column":74}},"79":{"start":{"line":350,"column":29},"end":{"line":350,"column":80}}},"fnMap":{"0":{"name":"formatCellValue","decl":{"start":{"line":68,"column":9},"end":{"line":68,"column":25}},"loc":{"start":{"line":68,"column":43},"end":{"line":75,"column":null}},"line":68},"1":{"name":"humanize","decl":{"start":{"line":78,"column":9},"end":{"line":78,"column":18}},"loc":{"start":{"line":78,"column":39},"end":{"line":79,"column":null}},"line":78},"2":{"name":"(anonymous_2)","decl":{"start":{"line":79,"column":40},"end":{"line":79,"column":50}},"loc":{"start":{"line":79,"column":56},"end":{"line":79,"column":71}},"line":79},"3":{"name":"RowForm","decl":{"start":{"line":84,"column":9},"end":{"line":84,"column":17}},"loc":{"start":{"line":96,"column":3},"end":{"line":120,"column":null}},"line":96},"4":{"name":"(anonymous_4)","decl":{"start":{"line":98,"column":31},"end":{"line":98,"column":39}},"loc":{"start":{"line":98,"column":45},"end":{"line":98,"column":66}},"line":98},"5":{"name":"(anonymous_5)","decl":{"start":{"line":102,"column":20},"end":{"line":102,"column":25}},"loc":{"start":{"line":103,"column":8},"end":{"line":112,"column":null}},"line":103},"6":{"name":"(anonymous_6)","decl":{"start":{"line":107,"column":12},"end":{"line":107,"column":23}},"loc":{"start":{"line":108,"column":14},"end":{"line":108,"column":69}},"line":108},"7":{"name":"(anonymous_7)","decl":{"start":{"line":108,"column":14},"end":{"line":108,"column":23}},"loc":{"start":{"line":108,"column":33},"end":{"line":108,"column":69}},"line":108},"8":{"name":"(anonymous_8)","decl":{"start":{"line":118,"column":16},"end":{"line":118,"column":31}},"loc":{"start":{"line":118,"column":31},"end":{"line":118,"column":45}},"line":118},"9":{"name":"PluginCrudPage","decl":{"start":{"line":128,"column":16},"end":{"line":128,"column":31}},"loc":{"start":{"line":136,"column":24},"end":{"line":356,"column":null}},"line":136},"10":{"name":"(anonymous_10)","decl":{"start":{"line":148,"column":4},"end":{"line":148,"column":19}},"loc":{"start":{"line":148,"column":19},"end":{"line":148,"column":null}},"line":148},"11":{"name":"(anonymous_11)","decl":{"start":{"line":148,"column":63},"end":{"line":148,"column":69}},"loc":{"start":{"line":148,"column":75},"end":{"line":148,"column":null}},"line":148},"12":{"name":"(anonymous_12)","decl":{"start":{"line":151,"column":21},"end":{"line":151,"column":null}},"loc":{"start":{"line":152,"column":10},"end":{"line":152,"column":86}},"line":152},"13":{"name":"(anonymous_13)","decl":{"start":{"line":157,"column":4},"end":{"line":157,"column":17}},"loc":{"start":{"line":157,"column":47},"end":{"line":157,"column":70}},"line":157},"14":{"name":"(anonymous_14)","decl":{"start":{"line":158,"column":4},"end":{"line":158,"column":21}},"loc":{"start":{"line":158,"column":21},"end":{"line":158,"column":null}},"line":158},"15":{"name":"(anonymous_15)","decl":{"start":{"line":159,"column":4},"end":{"line":159,"column":14}},"loc":{"start":{"line":159,"column":25},"end":{"line":159,"column":null}},"line":159},"16":{"name":"(anonymous_16)","decl":{"start":{"line":163,"column":4},"end":{"line":163,"column":17}},"loc":{"start":{"line":164,"column":6},"end":{"line":164,"column":39}},"line":164},"17":{"name":"(anonymous_17)","decl":{"start":{"line":165,"column":4},"end":{"line":165,"column":21}},"loc":{"start":{"line":165,"column":21},"end":{"line":165,"column":null}},"line":165},"18":{"name":"(anonymous_18)","decl":{"start":{"line":166,"column":4},"end":{"line":166,"column":14}},"loc":{"start":{"line":166,"column":25},"end":{"line":166,"column":null}},"line":166},"19":{"name":"(anonymous_19)","decl":{"start":{"line":170,"column":4},"end":{"line":170,"column":17}},"loc":{"start":{"line":170,"column":32},"end":{"line":170,"column":62}},"line":170},"20":{"name":"(anonymous_20)","decl":{"start":{"line":171,"column":4},"end":{"line":171,"column":21}},"loc":{"start":{"line":171,"column":21},"end":{"line":171,"column":null}},"line":171},"21":{"name":"(anonymous_21)","decl":{"start":{"line":172,"column":4},"end":{"line":172,"column":14}},"loc":{"start":{"line":172,"column":25},"end":{"line":172,"column":null}},"line":172},"22":{"name":"(anonymous_22)","decl":{"start":{"line":175,"column":30},"end":{"line":175,"column":38}},"loc":{"start":{"line":175,"column":44},"end":{"line":175,"column":65}},"line":175},"23":{"name":"(anonymous_23)","decl":{"start":{"line":195,"column":12},"end":{"line":195,"column":27}},"loc":{"start":{"line":195,"column":27},"end":{"line":195,"column":null}},"line":195},"24":{"name":"(anonymous_24)","decl":{"start":{"line":207,"column":39},"end":{"line":207,"column":44}},"loc":{"start":{"line":208,"column":14},"end":{"line":208,"column":null}},"line":208},"25":{"name":"(anonymous_25)","decl":{"start":{"line":219,"column":16},"end":{"line":219,"column":31}},"loc":{"start":{"line":219,"column":31},"end":{"line":219,"column":null}},"line":219},"26":{"name":"(anonymous_26)","decl":{"start":{"line":229,"column":29},"end":{"line":229,"column":34}},"loc":{"start":{"line":230,"column":18},"end":{"line":230,"column":null}},"line":230},"27":{"name":"(anonymous_27)","decl":{"start":{"line":238,"column":25},"end":{"line":238,"column":30}},"loc":{"start":{"line":239,"column":16},"end":{"line":273,"column":null}},"line":239},"28":{"name":"(anonymous_28)","decl":{"start":{"line":240,"column":31},"end":{"line":240,"column":36}},"loc":{"start":{"line":241,"column":20},"end":{"line":247,"column":null}},"line":241},"29":{"name":"(anonymous_29)","decl":{"start":{"line":256,"column":26},"end":{"line":256,"column":41}},"loc":{"start":{"line":256,"column":41},"end":{"line":256,"column":null}},"line":256},"30":{"name":"(anonymous_30)","decl":{"start":{"line":266,"column":26},"end":{"line":266,"column":41}},"loc":{"start":{"line":266,"column":41},"end":{"line":266,"column":64}},"line":266},"31":{"name":"(anonymous_31)","decl":{"start":{"line":292,"column":14},"end":{"line":292,"column":29}},"loc":{"start":{"line":292,"column":29},"end":{"line":292,"column":50}},"line":292},"32":{"name":"(anonymous_32)","decl":{"sta
[...]
204,"column":11}},"line":192},"27":{"name":"(anonymous_27)","decl":{"start":{"line":192,"column":8},"end":{"line":192,"column":13}},"loc":{"start":{"line":192,"column":24},"end":{"line":204,"column":11}},"line":192},"28":{"name":"(anonymous_28)","decl":{"start":{"line":194,"column":31},"end":{"line":194,"column":36}},"loc":{"start":{"line":194,"column":42},"end":{"line":201,"column":null}},"line":194},"29":{"name":"(anonymous_29)","decl":{"start":{"line":196,"column":60},"end":{"line":196,"column":65}},"loc":{"start":{"line":196,"column":73},"end":{"line":199,"column":null}},"line":196},"30":{"name":"(anonymous_30)","decl":{"start":{"line":198,"column":50},"end":{"line":198,"column":58}},"loc":{"start":{"line":198,"column":70},"end":{"line":198,"column":90}},"line":198},"31":{"name":"(anonymous_31)","decl":{"start":{"line":206,"column":6},"end":{"line":206,"column":18}},"loc":{"start":{"line":207,"column":8},"end":{"line":212,"column":null}},"line":207},"32":{"name":"(anonymous_32)","decl":{"start":{"line":207,"column":8},"end":{"line":207,"column":13}},"loc":{"start":{"line":207,"column":23},"end":{"line":212,"column":null}},"line":207},"33":{"name":"(anonymous_33)","decl":{"start":{"line":214,"column":6},"end":{"line":214,"column":21}},"loc":{"start":{"line":215,"column":8},"end":{"line":226,"column":11}},"line":215},"34":{"name":"(anonymous_34)","decl":{"start":{"line":215,"column":8},"end":{"line":215,"column":13}},"loc":{"start":{"line":215,"column":24},"end":{"line":226,"column":11}},"line":215},"35":{"name":"(anonymous_35)","decl":{"start":{"line":217,"column":31},"end":{"line":217,"column":36}},"loc":{"start":{"line":217,"column":42},"end":{"line":223,"column":null}},"line":217},"36":{"name":"(anonymous_36)","decl":{"start":{"line":228,"column":6},"end":{"line":228,"column":24}},"loc":{"start":{"line":229,"column":8},"end":{"line":239,"column":11}},"line":229},"37":{"name":"(anonymous_37)","decl":{"start":{"line":229,"column":8},"end":{"line":229,"column":13}},"loc":{"start":{"line":229,"column":24},"end":{"line":239,"column":11}},"line":229},"38":{"name":"(anonymous_38)","decl":{"start":{"line":231,"column":31},"end":{"line":231,"column":36}},"loc":{"start":{"line":231,"column":42},"end":{"line":237,"column":null}},"line":231},"39":{"name":"(anonymous_39)","decl":{"start":{"line":233,"column":63},"end":{"line":233,"column":68}},"loc":{"start":{"line":234,"column":14},"end":{"line":234,"column":null}},"line":234},"40":{"name":"(anonymous_40)","decl":{"start":{"line":241,"column":6},"end":{"line":241,"column":24}},"loc":{"start":{"line":242,"column":8},"end":{"line":251,"column":11}},"line":242},"41":{"name":"(anonymous_41)","decl":{"start":{"line":242,"column":8},"end":{"line":242,"column":13}},"loc":{"start":{"line":242,"column":24},"end":{"line":251,"column":11}},"line":242},"42":{"name":"(anonymous_42)","decl":{"start":{"line":244,"column":31},"end":{"line":244,"column":36}},"loc":{"start":{"line":244,"column":42},"end":{"line":248,"column":null}},"line":244},"43":{"name":"(anonymous_43)","decl":{"start":{"line":246,"column":63},"end":{"line":246,"column":71}},"loc":{"start":{"line":246,"column":77},"end":{"line":246,"column":94}},"line":246},"44":{"name":"(anonymous_44)","decl":{"start":{"line":253,"column":6},"end":{"line":253,"column":22}},"loc":{"start":{"line":254,"column":8},"end":{"line":264,"column":11}},"line":254},"45":{"name":"(anonymous_45)","decl":{"start":{"line":254,"column":8},"end":{"line":254,"column":13}},"loc":{"start":{"line":254,"column":24},"end":{"line":264,"column":11}},"line":254},"46":{"name":"(anonymous_46)","decl":{"start":{"line":256,"column":31},"end":{"line":256,"column":36}},"loc":{"start":{"line":256,"column":42},"end":{"line":262,"column":null}},"line":256},"47":{"name":"(anonymous_47)","decl":{"start":{"line":266,"column":6},"end":{"line":266,"column":27}},"loc":{"start":{"line":266,"column":34},"end":{"line":266,"column":62}},"line":266},"48":{"name":"(anonymous_48)","decl":{"start":{"line":267,"column":6},"end":{"line":267,"column":15}},"loc":{"start":{"line":267,"column":23},"end":{"line":267,"column":99}},"line":267},"49":{"name":"(anonymous_49)","decl":{"start":{"line":267,"column":23},"end":{"line":267,"column":28}},"loc":{"start":{"line":267,"column":39},"end":{"line":267,"column":99}},"line":267},"50":{"name":"(anonymous_50)","decl":{"start":{"line":268,"column":6},"end":{"line":268,"column":16}},"loc":{"start":{"line":268,"column":25},"end":{"line":268,"column":38}},"line":268},"51":{"name":"(anonymous_51)","decl":{"start":{"line":269,"column":6},"end":{"line":269,"column":15}},"loc":{"start":{"line":269,"column":23},"end":{"line":269,"column":35}},"line":269},"52":{"name":"(anonymous_52)","decl":{"start":{"line":270,"column":6},"end":{"line":270,"column":25}},"loc":{"start":{"line":270,"column":43},"end":{"line":270,"column":65}},"line":270},"53":{"name":"(anonymous_53)","decl":{"start":{"line":271,"column":6},"end":{"line":271,"column":23}},"loc":{"start":{"line":272,"column":8},"end":{"line":272,"column":93}},"line":272},"54":{"name":"(anonymous_54)","decl":{"start":{"line":272,"column":8},"end":{"line":272,"column":13}},"loc":{"start":{"line":272,"column":24},"end":{"line":272,"column":93}},"line":272},"55":{"name":"(anonymous_55)","decl":{"start":{"line":273,"column":6},"end":{"line":273,"column":19}},"loc":{"start":{"line":273,"column":19},"end":{"line":288,"column":null}},"line":273},"56":{"name":"(anonymous_56)","decl":{"start":{"line":293,"column":6},"end":{"line":293,"column":17}},"loc":{"start":{"line":293,"column":26},"end":{"line":293,"column":65}},"line":293},"57":{"name":"(anonymous_57)","decl":{"start":{"line":294,"column":6},"end":{"line":294,"column":19}},"loc":{"start":{"line":294,"column":30},"end":{"line":300,"column":null}},"line":294}},"branchMap":{"0":{"loc":{"start":{"line":103,"column":18},"end":{"line":103,"column":null}},"type":"binary-expr","locations":[{"start":{"line":103,"column":18},"end":{"line":103,"column":34}},{"start":{"line":103,"column":34},"end":{"line":103,"column":null}}],"line":103},"1":{"loc":{"start":{"line":117,"column":12},"end":{"line":125,"column":null}},"type":"cond-expr","locations":[{"start":{"line":118,"column":16},"end":{"line":124,"column":null}},{"start":{"line":125,"column":16},"end":{"line":125,"column":null}}],"line":117},"2":{"loc":{"start":{"line":121,"column":48},"end":{"line":121,"column":80}},"type":"binary-expr","locations":[{"start":{"line":121,"column":48},"end":{"line":121,"column":75}},{"start":{"line":121,"column":75},"end":{"line":121,"column":80}}],"line":121},"3":{"loc":{"start":{"line":122,"column":49},"end":{"line":122,"column":74}},"type":"binary-expr","locations":[{"start":{"line":122,"column":49},"end":{"line":122,"column":69}},{"start":{"line":122,"column":69},"end":{"line":122,"column":74}}],"line":122},"4":{"loc":{"start":{"line":123,"column":45},"end":{"line":123,"column":null}},"type":"binary-expr","locations":[{"start":{"line":123,"column":45},"end":{"line":123,"column":63}},{"start":{"line":123,"column":63},"end":{"line":123,"column":null}}],"line":123},"5":{"loc":{"start":{"line":131,"column":8},"end":{"line":131,"column":null}},"type":"if","locations":[{"start":{"line":131,"column":8},"end":{"line":131,"column":null}},{"start":{},"end":{}}],"line":131},"6":{"loc":{"start":{"line":142,"column":12},"end":{"line":142,"column":null}},"type":"if","locations":[{"start":{"line":142,"column":12},"end":{"line":142,"column":null}},{"start":{},"end":{}}],"line":142},"7":{"loc":{"start":{"line":144,"column":14},"end":{"line":144,"column":null}},"type":"if","locations":[{"start":{"line":144,"column":14},"end":{"line":144,"column":null}},{"start":{},"end":{}}],"line":144},"8":{"loc":{"start":{"line":148,"column":18},"end":{"line":148,"column":null}},"type":"cond-expr","locations":[{"start":{"line":148,"column":38},"end":{"line":148,"column":62}},{"start":{"line":148,"column":62},"end":{"line":148,"column":null}}],"line":148},"9":{"loc":{"start":{"line":160,"column":10},"end":{"line":161,"column":null}},"type":"if","locations":[{"start":{"line":160,"column":10},"end":{"line":161,"column":null}},{"start":{"line":161,"column":15},"end":{"line":161,"column":null}}],"line":160},"10":{"loc":{"start":{"line":169,"column":12},"end":{"line":169,"column":null}},"type":"if","locations":[{"start":{"line":169,"column":12},"end":{"line":169,"column":null}},{"start":{},"end":{}}],"line":169},"11":{"loc":{"start":{"line":171,"column":14},"end":{"line":171,"column":null}},"type":"if","locations":[{"start":{"line":171,"column":14},"end":{"line":171,"column":null}},{"start":{},"end":{}}],"line":171},"12":{"loc":{"start":{"line":173,"column":14},"end":{"line":174,"column":null}},"type":"if","locations":[{"start":{"line":173,"column":14},"end":{"line":174,"column":null}},{"start":{"line":174,"column":19},"end":{"line":174,"column":null}}],"line":173},"13":{"loc":{"start":{"line":188,"column":27},"end":{"line":188,"column":null}},"type":"cond-expr","locations":[{"start":{"line":188,"column":63},"end":{"line":188,"column":70}},{"start":{"line":188,"column":70},"end":{"line":188,"column":null}}],"line":188},"14":{"loc":{"start":{"line":195,"column":12},"end":{"line":195,"column":null}},"type":"if","locations":[{"start":{"line":195,"column":12},"end":{"line":195,"column":null}},{"start":{},"end":{}}],"line":195},"15":{"loc":{"start":{"line":197,"column":14},"end":{"line":197,"column":null}},"type":"if","locations":[{"start":{"line":197,"column":14},"end":{"line":197,"column":null}},{"start":{},"end":{}}],"line":197},"16":{"loc":{"start":{"line":203,"column":27},"end":{"line":203,"column":null}},"type":"cond-expr","locations":[{"start":{"line":203,"column":63},"end":{"line":203,"column":70}},{"start":{"line":203,"column":70},"end":{"line":203,"column":null}}],"line":203},"17":{"loc":{"start":{"line":218,"column":12},"end":{"line":218,"column":null}},"type":"if","locations":[{"start":{"line":218,"column":12},"end":{"line":218,"column":null}},{"start":{},"end":{}}],"line":218},"18":{"loc":{"start":{"line":219,"column":33},"end":{"line":219,"column":65}},"type":"binary-expr","locations":[{"start":{"line":219,"column":33},"end":{"line":219,"column":63}},{"start":{"line":219,"column":63},"end":{"line":219,"column":65}}],"line":219},"19":{"loc":{"start":{"line":220,"column":12},"end":{"line":221,"column":null}},"type":"if","locations":[{"start":{"line":220,"column":12},"end":{"line":221,"column":null}},{"start":{"line":221,"column":17},"end":{"line":221,"column":null}}],"line":220},"20":{"loc":{"start":{"line":232,"column":12},"end":{"line":232,"column":null}},"type":"if","locations":[{"start":{"line":232,"column":12},"end":{"line":232,"column":null}},{"start":{},"end":{}}],"line":232},"21":{"loc":{"start":{"line":233,"column":29},"end":{"line":233,"column":61}},"type":"binary-expr","locations":[{"start":{"line":233,"column":29},"end":{"line":233,"column":59}},{"start":{"line":233,"column":59},"end":{"line":233,"column":61}}],"line":233},"22":{"loc":{"start":{"line":234,"column":14},"end":{"line":234,"column":null}},"type":"cond-expr","locations":[{"start":{"line":234,"column":33},"end":{"line":234,"column":56}},{"start":{"line":234,"column":56},"end":{"line":234,"column":null}}],"line":234},"23":{"loc":{"start":{"line":245,"column":12},"end":{"line":245,"column":null}},"type":"if","locations":[{"start":{"line":245,"column":12},"end":{"line":245,"column":null}},{"start":{},"end":{}}],"line":245},"24":{"loc":{"start":{"line":246,"column":29},"end":{"line":246,"column":61}},"type":"binary-expr","locations":[{"start":{"line":246,"column":29},"end":{"line":246,"column":59}},{"start":{"line":246,"column":59},"end":{"line":246,"column":61}}],"line":246},"25":{"loc":{"start":{"line":250,"column":27},"end":{"line":250,"column":null}},"type":"cond-expr","locations":[{"start":{"line":250,"column":63},"end":{"line":250,"column":70}},{"start":{"line":250,"column":70},"end":{"line":250,"column":null}}],"line":250},"26":{"loc":{"start":{"line":257,"column":12},"end":{"line":257,"column":null}},"type":"if","locations":[{"start":{"line":257,"column":12},"end":{"line":257,"column":null}},{"start":{},"end":{}}],"line":257},"27":{"loc":{"start":{"line":258,"column":33},"end":{"line":258,"column":65}},"type":"binary-expr","locations":[{"start":{"line":258,"column":33},"end":{"line":258,"column":63}},{"start":{"line":258,"column":63},"end":{"line":258,"column":65}}],"line":258},"28":{"loc":{"start":{"line":274,"column":8},"end":{"line":274,"column":null}},"type":"if","locations":[{"start":{"line":274,"column":8},"end":{"line":274,"column":null}},{"start":{},"end":{}}],"line":274},"29":{"loc":{"start":{"line":305,"column":0},"end":{"line":305,"column":null}},"type":"if","locations":[{"start":{"line":305,"column":0},"end":{"line":305,"column":null}},{"start":{},"end":{}}],"line":305}},"s":{"0":2,"1":2,"2":2,"3":2,"4":2,"5":3,"6":3,"7":3,"8":1,"9":1,"10":0,"11":2,"12":2,"13":2,"14":1,"15":0,"16":1,"17":1,"18":1,"19":1,"20":1,"21":0,"22":1,"23":1,"24":0,"25":1,"26":1,"27":1,"28":17,"29":17,"30":17,"31":1,"32":16,"33":17,"34":2,"35":2,"36":2,"37":0,"38":2,"39":2,"40":0,"41":2,"42":2,"43":1,"44":1,"45":2,"46":2,"47":1,"48":1,"49":1,"50":1,"51":1,"52":1,"53":0,"54":1,"55":1,"56":0,"57":1,"58":1,"59":1,"60":1,"61":1,"62":1,"63":1,"64":1,"65":2,"66":2,"67":2,"68":0,"69":2,"70":2,"71":1,"72":1,"73":2,"74":1,"75":1,"76":1,"77":0,"78":1,"79":1,"80":1,"81":1,"82":1,"83":1,"84":0,"85":1,"86":1,"87":1,"88":1,"89":1,"90":1,"91":0,"92":1,"93":1,"94":1,"95":1,"96":4,"97":1,"98":1,"99":1,"100":1,"101":1,"102":1,"103":1,"104":32,"105":16,"106":32,"107":32,"108":32,"109":79,"110":158,"111":2,"112":2},"f":{"0":2,"1":3,"2":3,"3":3,"4":1,"5":1,"6":0,"7":2,"8":2,"9":2,"10":1,"11":1,"12":1,"13":1,"14":1,"15":1,"16":1,"17":17,"18":17,"19":2,"20":2,"21":2,"22":2,"23":1,"24":1,"25":1,"26":1,"27":1,"28":1,"29":1,"30":1,"31":1,"32":1,"33":2,"34":2,"35":2,"36":1,"37":1,"38":1,"39":1,"40":1,"41":1,"42":1,"43":1,"44":1,"45":1,"46":1,"47":4,"48":1,"49":1,"50":1,"51":1,"52":1,"53":1,"54":1,"55":32,"56":79,"57":158},"b":{"0":[3,0],"1":[2,0],"2":[2,0],"3":[2,2],"4":[2,2],"5":[0,1],"6":[0,1],"7":[0,1],"8":[1,0],"9":[1,16],"10":[0,2],"11":[0,2],"12":[1,1],"13":[1,0],"14":[0,1],"15":[0,1],"16":[0,1],"17":[0,2],"18":[2,0],"19":[1,1],"20":[0,1],"21":[1,0],"22":[1,0],"23":[0,1],"24":[1,0],"25":[1,0],"26":[0,1],"27":[1,0],"28":[16,16],"29":[2,0]},"meta":{"lastBranch":30,"lastFunction":58,"lastStatement":113,"seen":{"s:61:43:78:Infinity":0,"s:80:58:80:Infinity":1,"s:81:26:92:2":2,"s:94:13:302:Infinity":3,"f:95:2:95:Infinity":0,"s:96:14:290:Infinity":4,"f:99:6:99:20":1,"s:100:8:106:11":5,"f:100:8:100:13":2,"s:100:24:106:11":6,"b:103:18:103:34:103:34:103:Infinity":0,"f:108:6:108:17":3,"s:108:27:108:56":7,"f:109:6:109:16":4,"s:109:25:109:53":8,"f:110:6:110:18":5,"s:110:29:110:59":9,"f:111:6:111:18":6,"s:111:29:111:59":10,"f:113:6:113:20":7,"s:114:8:128:11":11,"f:114:8:114:13":8,"s:114:24:128:11":12,"f:116:31:116:36":9,"s:117:12:125:Infinity":13,"b:118:16:124:Infinity:125:16:125:Infinity":1,"b:121:48:121:75:121:75:121:80":2,"b:122:49:122:69:122:69:122:74":3,"b:123:45:123:63:123:63:123:Infinity":4,"f:130:6:130:29":10,"b:131:8:131:Infinity:undefined:undefined:undefined:undefined":5,"s:131:8:131:Infinity":14,"s:131:27:131:Infinity":15,"s:132:8:135:Infinity":16,"f:132:24:132:Infinity":11,"s:133:16:133:71":17,"f:138:6:138:26":12,"s:139:8:155:11":18,"f:139:8:139:13":13,"s:139:24:155:11":19,"f:141:31:141:36":14,"b:142:12:142:Infinity:undefined:undefined:undefined:undefined":6,"s:142:12:142:Infinity":20,"s:142:40:142:Infinity":21,"s:143:32:151:Infinity":22,"f:143:60:143:65":15,"b:144:14:144:Infinity:undefined:undefined:undefined:undefined":7,"s:144:14:144:Infinity":23,"s:144:39:144:Infinity":24,"s:145:14:150:Infinity":25,"f:147:35:147:40":16,"s:148:18:148:Infinity":26,"b:148:38:148:62:148:62:148:Infinity":8,"s:152:12:152:Infinity":27,"f:157:6:157:17":17,"s:158:8:163:Infinity":28,"f:158:8:158:13":18,"s:159:28:159:45":29,"b:160:10:161:Infinity:161:15:161:Infinity":9,"s:160:10:161:Infinity":30,"s:160:41:160:Infinity":31,"s:161:15:161:Infinity":32,"s:162:10:162:Infinity":33,"f:165:6:165:23":19,"s:166:8:181:11":34,"f:166:8:166:13":20,"s:166:24:181:11":35,"f:168:31:168:36":21,"b:169:12:169:Infinity:undefined:undefined:undefined:undefined":10,"s:169:12:169:Infinity":36,"s:169:40:169:Infinity":37,"s:170:32:176:Infinity":38,"f:170:60:170:65":22,"b:171:14:171:Infinity:undefined:undefined:undefined:undefined":11,"s:171:14:171:Infinity":39,"s:171:39:171:Infinity":40,"s:172:32:172:47":41,"b:173:14:174:Infinity:174:19:174:Infinity":12,"s:173:14:174:Infinity":42,"s:173:45:173:Infinity":43,"s:174:19:174:Infinity":44,"s:175:14:175:Infinity":45,"s:177:12:177:Infinity":46,"f:183:6:183:20":23,"s:184:8:189:11":47,"f:184:8:184:13":24,"s:184:24:189:11":48,"f:186:31:186:39":25,"s:186:45:186:62":49,"b:188:63:188:70:188:70:188:Infinity":13,"f:191:6:191:26":26,"s:192:8:204:11":50,"f:192:8:192:13":27,"s:192:24:204:11":51,"f:194:31:194:36":28,"b:195:12:195:Infinity:undefined:undefined:undefined:undefined":14,"s:195:12:195:Infinity":52,"s:195:40:195:Infinity":53,"s:196:32:199:Infinity":54,"f:196:60:196:65":29,"b:197:14:197:Infinity:undefined:undefined:undefined:undefined":15,"s:197:14:197:Infinity":55,"s:197:39:197:Infinity":56,"s:198:14:198:Infinity":57,"f:198:50:198:58":30,"s:198:70:198:90":58,"s:200:12:200:Infinity":59,"b:203:63:203:70:203:70:203:Infinity":16,"f:206:6:206:18":31,"s:207:8:212:Infinity":60,"f:207:8:207:13":32,"s:208:28:208:45":61,"s:209:31:209:61":62,"s:210:10:210:Infinity":63,"s:211:10:211:Infinity":64,"f:214:6:214:21":33,"s:215:8:226:11":65,"f:215:8:215:13":34,"s:215:24:226:11":66,"f:217:31:217:36":35,"b:218:12:218:Infinity:undefined:undefined:undefined:undefined":17,"s:218:12:218:Infinity":67,"s:218:34:218:Infinity":68,"s:219:27:219:67":69,"b:219:33:219:63:219:63:219:65":18,"b:220:12:221:Infinity:221:17:221:Infinity":19,"s:220:12:221:Infinity":70,"s:220:43:220:Infinity":71,"s:221:17:221:Infinity":72,"s:222:12:222:Infinity":73,"f:228:6:228:24":36,"s:229:8:239:11":74,"f:229:8:229:13":37,"s:229:24:239:11":75,"f:231:31:231:36":38,"b:232:12:232:Infinity:undefined:undefined:undefined:undefined":20,"s:232:12:232:Infinity":76,"s:232:34:232:Infinity":77,"s:233:18:234:Infinity":78,"b:233:29:233:59:233:59:233:61":21,"f:233:63:233:68":39,"s:234:14:234:Infinity":79,"b:234:33:234:56:234:56:234:Infinity":22,"s:236:12:236:Infinity":80,"f:241:6:241:24":40,"s:242:8:251:11":81,"f:242:8:242:13":41,"s:242:24:251:11":82,"f:244:31:244:36":42,"b:245:12:245:Infinity:undefined:undefined:undefined:undefined":23,"s:245:12:245:Infinity":83,"s:245:34:245:Infinity":84,"s:246:18:246:94":85,"b:246:29:246:59:246:59:246:61":24,"f:246:63:246:71":43,"s:246:77:246:94":86,"s:247:12:247:Infinity":87,"b:250:63:250:70:250:70:250:Infinity":25,"f:253:6:253:22":44,"s:254:8:264:11":88,"f:254:8:254:13":45,"s:254:24:264:11":89,"f:256:31:256:36":46,"b:257:12:257:Infinity:undefined:undefined:undefined:undefined":26,"s:257:12:257:Infinity":90,"s:257:34:257:Infinity":91,"s:258:27:258:67":92,"b:258:33:258:63:258:63:258:65":27,"s:259:33:259:60":93,"s:260:12:260:Infinity":94,"s:261:12:261:Infinity":95,"f:266:6:266:27":47,"s:266:34:266:62":96,"f:267:6:267:15":48,"s:267:23:267:99":97,"f:267:23:267:28":49,"s:267:39:267:99":98,"f:268:6:268:16":50,"s:268:25:268:38":99,"f:269:6:269:15":51,"s:269:23:269:35":100,"f:270:6:270:25":52,"s:270:43:270:65":101,"f:271:6:271:23":53,"s:272:8:272:93":102,"f:272:8:272:13":54,"s:272:24:272:93":103,"f:273:6:273:19":55,"b:274:8:274:Infinity:undefined:undefined:undefined:undefined":28,"s:274:8:274:Infinity":104,"s:274:27:274:Infinity":105,"s:275:8:286:Infinity":106,"s:287:8:287:Infinity":107,"s:288:9:288:Infinity":108,"f:293:6:293:17":56,"s:293:26:293:65":109,"f:294:6:294:19":57,"s:294:30:300:Infinity":110,"b:305:0:305:Infinity:undefined:undefined:undefined:undefined":29,"s:305:0:305:Infinity":111,"s:305:36:305:Infinity":112}}}
}
